LogicalFormat2
==============

Identification (1000)
--------------

100001 : Message Set Identifier
100002 : Message Set Name
100003 : Message Set Level
100004 : Model Version (Major)
100005 : Model Version (Minor)
100006 : Timestamp
100007 : Dictionary Type
100008 : Format Level
100009 : Compatibility Level
100010 : Dependency Table
100022 : Message Set Alias

  100001        100002                 100003 100004 100005 100006 100007 100008 100009 100010        100022 
0 KLD8CO0002001 MS_ESB_BATCH_GENCARGOS 1      2      0             1      610    4      KLD8CO0002001        

MessageSet (1)
----------

105 : Default Wire Format Identifier
106 : Message Type Prefix
107 : Use Namespaces

  105 106 107 
0         1   

Tag (2)
---

201 : Tag Identifier
202 : Tag Text Identifier
203 : Type Identifier
204 : Class
205 : Min Length
206 : Max Length
207 : Nullable
208 : Value Set Index
209 : Default Value Index
211 : Type Index
212 : Namespace Index
213 : Block
214 : isAttribute
215 : Interpret Value As

    201 202                        203 204 205 206 207 208 209 211 212 213 214 215 
0   50  MSJ_CABECERA_INI           51  M   0   -1  0   -1  -1  46  1   0   0   0   
1   53  53^MENSAJE                 54  S   0   -1  0   -1  -1  47  0   0   0   0   
2   56  56^TIPOREGISTRO            43  F   0   -1  0   -1  -1  40  0   0   0   0   
3   58  58^FECHAPROCESO            43  F   0   -1  0   -1  -1  40  0   0   0   0   
4   60  60^FILLER1                 43  F   0   -1  0   -1  -1  40  0   0   0   0   
5   62  62^TOTALTRANSACCIONES      43  F   0   -1  0   -1  -1  40  0   0   0   0   
6   64  64^FILLER2                 43  F   0   -1  0   -1  0   40  0   0   0   0   
7   65  MSJ_CABECERA_FIN           66  M   0   -1  0   -1  -1  48  1   0   0   0   
8   68  68^MENSAJE                 69  S   0   -1  0   -1  -1  49  0   0   0   0   
9   71  71^TIPOREGISTRO            43  F   0   -1  0   -1  -1  40  0   0   0   0   
10  73  73^FECHAPROCESO            43  F   0   -1  0   -1  -1  40  0   0   0   0   
11  75  75^FILLER                  43  F   0   -1  0   -1  0   40  0   0   0   0   
12  76  MSJ_CABECERA_INI           51  S   0   -1  0   -1  -1  46  1   0   0   0   
13  77  MSJ_CABECERA_FIN           66  S   0   -1  0   -1  -1  48  1   0   0   0   
14  78  MSJ_CARGO                  79  M   0   -1  0   -1  -1  50  1   0   0   0   
15  81  81^MENSAJE                 82  S   0   -1  0   -1  -1  51  0   0   0   0   
16  84  84^TIPOREGISTRO            43  F   0   -1  0   -1  -1  40  0   0   0   0   
17  86  86^CODCOMERCIO             43  F   0   -1  0   -1  -1  40  0   0   0   0   
18  88  88^NROTARJETA              43  F   0   -1  0   -1  -1  40  0   0   0   0   
19  90  90^IMPORTE                 43  F   0   -1  0   -1  -1  40  0   0   0   0   
20  92  92^CODCLIENTE              43  F   0   -1  0   -1  -1  40  0   0   0   0   
21  94  94^FECHAPAGO               43  F   0   -1  0   -1  -1  40  0   0   0   0   
22  96  96^FECHAVENCIMIENTO        43  F   0   -1  0   -1  -1  40  0   0   0   0   
23  98  98^CODRESULTADO            43  F   0   -1  0   -1  -1  40  0   0   0   0   
24  100 100^FILLER1                43  F   0   -1  0   -1  -1  40  0   0   0   0   
25  102 102^NROREFERENCIA          43  F   0   -1  1   -1  -1  40  0   0   0   0   
26  104 104^CODCARGO               43  F   0   -1  0   -1  -1  40  0   0   0   0   
27  106 106^CODPRODUCTO            43  F   0   -1  0   -1  -1  40  0   0   0   0   
28  108 108^FILLER2                43  F   0   -1  0   -1  -1  40  0   0   0   0   
29  109 MSJ_CARGO                  79  S   0   -1  0   -1  -1  50  1   0   0   0   
30  110 MSJ_LOTE_INI               111 M   0   -1  0   -1  -1  52  1   0   0   0   
31  113 113^MENSAJE                114 S   0   -1  0   -1  -1  53  0   0   0   0   
32  116 116^TIPOREGISTRO           43  F   0   -1  0   -1  -1  40  0   0   0   0   
33  118 118^CODCOMERCIO            43  F   0   -1  0   -1  -1  40  0   0   0   0   
34  120 120^TOTALTRANSACCIONES     43  F   0   -1  0   -1  -1  40  0   0   0   0   
35  122 122^FECHAENVIO             43  F   0   -1  0   -1  -1  40  0   0   0   0   
36  124 124^NROLOTE                43  F   0   -1  0   -1  -1  40  0   0   0   0   
37  126 126^IMPORTETOTAL           43  F   0   -1  0   -1  -1  40  0   0   0   0   
38  128 128^CODADQUIRIENTE         43  F   0   -1  0   -1  -1  40  0   0   0   0   
39  130 130^CODMONEDA              43  F   0   -1  0   -1  -1  40  0   0   0   0   
40  132 132^CODENMASCARADO         43  F   0   -1  0   -1  -1  40  0   0   0   0   
41  134 134^FILLER                 43  F   0   -1  0   -1  -1  40  0   0   0   0   
42  135 MSJ_LOTE_FIN               136 M   0   -1  0   -1  -1  54  1   0   0   0   
43  138 138^MENSAJE                139 S   0   -1  0   -1  -1  55  0   0   0   0   
44  141 141^TIPOREGISTRO           43  F   0   -1  0   -1  -1  40  0   0   0   0   
45  143 143^CODCOMERCIO            43  F   0   -1  0   -1  -1  40  0   0   0   0   
46  145 145^TOTALTRANSACCIONES     43  F   0   -1  0   -1  -1  40  0   0   0   0   
47  147 147^FECHAENVIO             43  F   0   -1  0   -1  -1  40  0   0   0   0   
48  149 149^NROLOTE                43  F   0   -1  0   -1  -1  40  0   0   0   0   
49  151 151^FILLER                 43  F   0   -1  0   -1  -1  40  0   0   0   0   
50  152 MSJ_LOTE_INI               111 S   0   -1  0   -1  -1  52  1   0   0   0   
51  153 MSJ_LOTE_FIN               136 S   0   -1  0   -1  -1  54  1   0   0   0   
52  154 MSJ_CABECERA_RES_INI       155 M   0   -1  0   -1  -1  56  1   0   0   0   
53  157 157^MENSAJE                158 S   0   -1  0   -1  -1  57  0   0   0   0   
54  160 160^TIPOREGISTRO           43  F   0   -1  0   -1  -1  40  0   0   0   0   
55  162 162^FECHAPROCESO           43  F   0   -1  0   -1  -1  40  0   0   0   0   
56  164 164^ESPACIO                43  F   0   -1  0   -1  -1  40  0   0   0   0   
57  166 166^TOTALTRANSACCIONES     43  F   0   -1  0   -1  -1  40  0   0   0   0   
58  168 168^FILLER1                43  F   0   -1  0   -1  -1  40  0   0   0   0   
59  170 170^CODRESULTADO           43  F   0   -1  0   -1  -1  40  0   0   0   0   
60  172 172^FILLER2                43  F   0   -1  0   -1  -1  40  0   0   0   0   
61  174 174^MSJRESPUESTA           43  F   0   -1  0   -1  -1  40  0   0   0   0   
62  176 176^FILLER3                43  F   0   -1  0   -1  -1  40  0   0   0   0   
63  177 MSJ_CABECERA_RES_FIN       178 M   0   -1  0   -1  -1  58  1   0   0   0   
64  180 180^MENSAJE                181 S   0   -1  0   -1  -1  59  0   0   0   0   
65  183 183^TIPOREGISTRO           43  F   0   -1  0   -1  -1  40  0   0   0   0   
66  185 185^FECHAPROCESO           43  F   0   -1  0   -1  -1  40  0   0   0   0   
67  187 187^FILLER1                43  F   0   -1  0   -1  -1  40  0   0   0   0   
68  189 189^CODRESULTADO           43  F   0   -1  0   -1  -1  40  0   0   0   0   
69  191 191^FILLER2                43  F   0   -1  0   -1  -1  40  0   0   0   0   
70  193 193^MSJRESPUESTA           43  F   0   -1  0   -1  -1  40  0   0   0   0   
71  195 195^FILLER3                43  F   0   -1  0   -1  -1  40  0   0   0   0   
72  196 MSJ_CABECERA_RES_INI       155 S   0   -1  0   -1  -1  56  1   0   0   0   
73  197 MSJ_CABECERA_RES_FIN       178 S   0   -1  0   -1  -1  58  1   0   0   0   
74  198 MSJ_CABECERA_RES_INI_TIPO0 199 M   0   -1  0   -1  -1  60  1   0   0   0   
75  201 201^MENSAJE                202 S   0   -1  0   -1  -1  61  0   0   0   0   
76  204 204^TIPOREGISTRO           43  F   0   -1  0   -1  -1  40  0   0   0   0   
77  206 206^FECHAMOVIMIENTO        43  F   0   -1  0   -1  -1  40  0   0   0   0   
78  208 208^CODBANCO               43  F   0   -1  0   -1  -1  40  0   0   0   0   
79  210 210^CTACOMERCIO            43  F   0   -1  0   -1  -1  40  0   0   0   0   
80  212 212^REMESA                 43  F   0   -1  0   -1  -1  40  0   0   0   0   
81  214 214^TOTALTRANSACCIONES     43  F   0   -1  0   -1  -1  40  0   0   0   0   
82  216 216^IMPORTETOTAL           43  F   0   -1  0   -1  -1  40  0   0   0   0   
83  218 218^TIPOPAGO               43  F   0   -1  0   -1  -1  40  0   0   0   0   
84  220 220^FILLER                 43  F   0   -1  0   -1  -1  40  0   0   0   0   
85  221 MSJ_CABECERA_RES_INI_TIPO0 199 S   0   -1  0   -1  -1  60  1   0   0   0   
86  222 MSJ_CABECERA_RES_INI_TIPO1 223 M   0   -1  0   -1  -1  62  1   0   0   0   
87  225 225^MENSAJE                226 S   0   -1  0   -1  -1  63  0   0   0   0   
88  228 228^TIPOREGISTRO           43  F   0   -1  0   -1  -1  40  0   0   0   0   
89  230 230^FECHAPROCESO           43  F   0   -1  0   -1  -1  40  0   0   0   0   
90  232 232^ESPACIO                43  F   0   -1  0   -1  -1  40  0   0   0   0   
91  234 234^TOTALTRANSACCIONES     43  F   0   -1  0   -1  -1  40  0   0   0   0   
92  236 236^FILLER1                43  F   0   -1  0   -1  -1  40  0   0   0   0   
93  238 238^CODRESULTADO           43  F   0   -1  0   -1  -1  40  0   0   0   0   
94  240 240^FILLER2                43  F   0   -1  0   -1  -1  40  0   0   0   0   
95  242 242^MSJRESPUESTA           43  F   0   -1  0   -1  -1  40  0   0   0   0   
96  244 244^FILLER3                43  F   0   -1  0   -1  -1  40  0   0   0   0   
97  245 MSJ_CABECERA_RES_FIN_TIPO1 246 M   0   -1  0   -1  -1  64  1   0   0   0   
98  248 248^MENSAJE                249 S   0   -1  0   -1  -1  65  0   0   0   0   
99  251 251^TIPOREGISTRO           43  F   0   -1  0   -1  -1  40  0   0   0   0   
100 253 253^FECHAPROCESO           43  F   0   -1  0   -1  -1  40  0   0   0   0   
101 255 255^FILLER1                43  F   0   -1  0   -1  -1  40  0   0   0   0   
102 257 257^CODRESULTADO           43  F   0   -1  0   -1  -1  40  0   0   0   0   
103 259 259^FILLER2                43  F   0   -1  0   -1  -1  40  0   0   0   0   
104 261 261^MSJRESPUESTA           43  F   0   -1  0   -1  -1  40  0   0   0   0   
105 263 263^FILLER3                43  F   0   -1  0   -1  -1  40  0   0   0   0   
106 264 MSJ_CABECERA_RES_INI_TIPO1 223 S   0   -1  0   -1  -1  62  1   0   0   0   
107 265 MSJ_CABECERA_RES_FIN_TIPO1 246 S   0   -1  0   -1  -1  64  1   0   0   0   
108 266 MSJ_CABECERA_RES_INI_TIPO2 267 M   0   -1  0   -1  -1  66  1   0   0   0   
109 269 269^MENSAJE                270 S   0   -1  0   -1  -1  67  0   0   0   0   
110 272 272^TIPOREGISTRO           43  F   0   -1  0   -1  -1  40  0   0   0   0   
111 274 274^FECHAPROCESO           43  F   0   -1  0   -1  -1  40  0   0   0   0   
112 276 276^ESPACIO                43  F   0   -1  0   -1  -1  40  0   0   0   0   
113 278 278^TOTALTRANSACCIONES     43  F   0   -1  0   -1  -1  40  0   0   0   0   
114 280 280^FILLER1                43  F   0   -1  0   -1  -1  40  0   0   0   0   
115 282 282^CODRESULTADO           43  F   0   -1  0   -1  -1  40  0   0   0   0   
116 284 284^FILLER2                43  F   0   -1  0   -1  -1  40  0   0   0   0   
117 286 286^MSJRESPUESTA           43  F   0   -1  0   -1  -1  40  0   0   0   0   
118 288 288^FILLER3                43  F   0   -1  0   -1  -1  40  0   0   0   0   
119 289 MSJ_CABECERA_RES_FIN_TIPO2 290 M   0   -1  0   -1  -1  68  1   0   0   0   
120 292 292^MENSAJE                293 S   0   -1  0   -1  -1  69  0   0   0   0   
121 295 295^TIPOREGISTRO           43  F   0   -1  0   -1  -1  40  0   0   0   0   
122 297 297^FECHAPROCESO           43  F   0   -1  0   -1  -1  40  0   0   0   0   
123 299 299^FILLER1                43  F   0   -1  0   -1  -1  40  0   0   0   0   
124 301 301^CODRESULTADO           43  F   0   -1  0   -1  -1  40  0   0   0   0   
125 303 303^FILLER2                43  F   0   -1  0   -1  -1  40  0   0   0   0   
126 305 305^MSJRESPUESTA           43  F   0   -1  0   -1  -1  40  0   0   0   0   
127 307 307^FILLER3                43  F   0   -1  0   -1  -1  40  0   0   0   0   
128 308 MSJ_CABECERA_RES_INI_TIPO2 267 S   0   -1  0   -1  -1  66  1   0   0   0   
129 309 MSJ_CABECERA_RES_FIN_TIPO2 290 S   0   -1  0   -1  -1  68  1   0   0   0   
130 310 MSJ_CARGO_RES              311 M   0   -1  0   -1  -1  70  1   0   0   0   
131 313 313^MENSAJE                314 S   0   -1  0   -1  -1  71  0   0   0   0   
132 316 316^TIPOREGISTRO           43  F   0   -1  0   -1  -1  40  0   0   0   0   
133 318 318^CODCOMERCIO            43  F   0   -1  0   -1  -1  40  0   0   0   0   
134 320 320^NROTARJETA             43  F   0   -1  0   -1  -1  40  0   0   0   0   
135 322 322^IMPORTE                43  F   0   -1  0   -1  -1  40  0   0   0   0   
136 324 324^CODCLIENTE             43  F   0   -1  0   -1  -1  40  0   0   0   0   
137 326 326^FECHACARGO             43  F   0   -1  0   -1  -1  40  0   0   0   0   
138 328 328^MESVCTOTARJETA         43  F   0   -1  0   -1  -1  40  0   0   0   0   
139 330 330^ANOVCTOTARJETA         43  F   0   -1  0   -1  -1  40  0   0   0   0   
140 332 332^CODRESULTADO           43  F   0   -1  0   -1  -1  40  0   0   0   0   
141 334 334^NROINTENTOS            43  F   0   -1  0   -1  -1  40  0   0   0   0   
142 336 336^FECHATRANSACCION       43  F   0   -1  0   -1  -1  40  0   0   0   0   
143 338 338^HORATRANSACCION        43  F   0   -1  0   -1  -1  40  0   0   0   0   
144 340 340^NROTERMINAL            43  F   0   -1  0   -1  -1  40  0   0   0   0   
145 342 342^MSJTERMINAL            43  F   0   -1  0   -1  -1  40  0   0   0   0   
146 344 344^CODRESPUESTA           43  F   0   -1  0   -1  -1  40  0   0   0   0   
147 346 346^NROREFERENCIA          43  F   0   -1  0   -1  -1  40  0   0   0   0   
148 348 348^CODCARGO               43  F   0   -1  0   -1  0   40  0   0   0   0   
149 350 350^CODPRODUCTO            43  F   0   -1  0   -1  0   40  0   0   0   0   
150 352 352^CODTRANSACCION         43  F   0   -1  0   -1  0   40  0   0   0   0   
151 354 354^CODAUTORIZACION        43  F   0   -1  0   -1  0   40  0   0   0   0   
152 355 MSJ_CARGO_RES              311 S   0   -1  0   -1  -1  70  1   0   0   0   
153 356 MSJ_CARGO_RES_TIPO0        357 M   0   -1  0   -1  -1  72  1   0   0   0   
154 359 359^MENSAJE                360 S   0   -1  0   -1  -1  73  0   0   0   0   
155 362 362^TIPOREGISTRO           43  F   0   -1  0   -1  -1  40  0   0   0   0   
156 364 364^SUMINISTRO             43  F   0   -1  0   -1  -1  40  0   0   0   0   
157 366 366^DIGITOCHEQUEO          43  F   0   -1  0   -1  -1  40  0   0   0   0   
158 368 368^TIPOCUENTA             43  F   0   -1  0   -1  -1  40  0   0   0   0   
159 370 370^NROTARJETA             43  F   0   -1  0   -1  -1  40  0   0   0   0   
160 372 372^SIMBOLOVARIABLE        43  F   0   -1  0   -1  -1  40  0   0   0   0   
161 374 374^IMPORTE                43  F   0   -1  0   -1  -1  40  0   0   0   0   
162 376 376^FECHAPAGO              43  F   0   -1  0   -1  -1  40  0   0   0   0   
163 378 378^OFICINAPAGO            43  F   0   -1  0   -1  -1  40  0   0   0   0   
164 380 380^FORMAPAGO              43  F   0   -1  0   -1  -1  40  0   0   0   0   
165 382 382^FILLER                 43  F   0   -1  0   -1  -1  40  0   0   0   0   
166 383 MSJ_CARGO_RES_TIPO0        357 S   0   -1  0   -1  -1  72  1   0   0   0   
167 384 MSJ_CARGO_RES_TIPO1        385 M   0   -1  0   -1  -1  74  1   0   0   0   
168 387 387^MENSAJE                388 S   0   -1  0   -1  -1  75  0   0   0   0   
169 390 390^TIPOREGISTRO           43  F   0   -1  0   -1  -1  40  0   0   0   0   
170 392 392^CODCOMERCIO            43  F   0   -1  0   -1  -1  40  0   0   0   0   
171 394 394^NROTARJETA             43  F   0   -1  0   -1  -1  40  0   0   0   0   
172 396 396^IMPORTE                43  F   0   -1  0   -1  -1  40  0   0   0   0   
173 398 398^CODCLIENTE             43  F   0   -1  0   -1  -1  40  0   0   0   0   
174 400 400^FECHACARGO             43  F   0   -1  0   -1  -1  40  0   0   0   0   
175 402 402^MESVCTOTARJETA         43  F   0   -1  0   -1  -1  40  0   0   0   0   
176 404 404^ANOVCTOTARJETA         43  F   0   -1  0   -1  -1  40  0   0   0   0   
177 406 406^CODRESULTADO           43  F   0   -1  0   -1  -1  40  0   0   0   0   
178 408 408^NROINTENTOS            43  F   0   -1  0   -1  -1  40  0   0   0   0   
179 410 410^FECHATRANSACCION       43  F   0   -1  0   -1  -1  40  0   0   0   0   
180 412 412^HORATRANSACCION        43  F   0   -1  0   -1  -1  40  0   0   0   0   
181 414 414^NROTERMINAL            43  F   0   -1  0   -1  -1  40  0   0   0   0   
182 416 416^MSJTERMINAL            43  F   0   -1  0   -1  -1  40  0   0   0   0   
183 418 418^CODRESPUESTA           43  F   0   -1  0   -1  -1  40  0   0   0   0   
184 420 420^NROREFERENCIA          43  F   0   -1  0   -1  -1  40  0   0   0   0   
185 422 422^CODCARGO               43  F   0   -1  0   -1  -1  40  0   0   0   0   
186 424 424^CODPRODUCTO            43  F   0   -1  0   -1  -1  40  0   0   0   0   
187 425 MSJ_CARGO_RES_TIPO1        385 S   0   -1  0   -1  -1  74  1   0   0   0   
188 426 MSJ_CARGO_RES_TIPO2        427 M   0   -1  0   -1  -1  76  1   0   0   0   
189 429 429^MENSAJE                430 S   0   -1  0   -1  -1  77  0   0   0   0   
190 432 432^TIPOREGISTRO           43  F   0   -1  0   -1  -1  40  0   0   0   0   
191 434 434^CODCOMERCIO            43  F   0   -1  0   -1  -1  40  0   0   0   0   
192 436 436^NROTARJETA             43  F   0   -1  0   -1  -1  40  0   0   0   0   
193 438 438^IMPORTE                43  F   0   -1  0   -1  -1  40  0   0   0   0   
194 440 440^CODCLIENTE             43  F   0   -1  0   -1  -1  40  0   0   0   0   
195 442 442^FECHACARGO             43  F   0   -1  0   -1  -1  40  0   0   0   0   
196 444 444^MESVCTOTARJETA         43  F   0   -1  0   -1  -1  40  0   0   0   0   
197 446 446^ANOVCTOTARJETA         43  F   0   -1  0   -1  -1  40  0   0   0   0   
198 448 448^CODRESULTADO           43  F   0   -1  0   -1  -1  40  0   0   0   0   
199 450 450^NROINTENTOS            43  F   0   -1  0   -1  -1  40  0   0   0   0   
200 452 452^FECHATRANSACCION       43  F   0   -1  0   -1  -1  40  0   0   0   0   
201 454 454^HORATRANSACCION        43  F   0   -1  0   -1  -1  40  0   0   0   0   
202 456 456^NROTERMINAL            43  F   0   -1  0   -1  -1  40  0   0   0   0   
203 458 458^MSJTERMINAL            43  F   0   -1  0   -1  -1  40  0   0   0   0   
204 460 460^CODRESPUESTA           43  F   0   -1  0   -1  -1  40  0   0   0   0   
205 462 462^NROREFERENCIA          43  F   0   -1  0   -1  -1  40  0   0   0   0   
206 464 464^CODCARGO               43  F   0   -1  0   -1  -1  40  0   0   0   0   
207 466 466^CODPRODUCTO            43  F   0   -1  0   -1  -1  40  0   0   0   0   
208 468 468^CODTRANSACCION         43  F   0   -1  0   -1  -1  40  0   0   0   0   
209 469 MSJ_CARGO_RES_TIPO2        427 S   0   -1  0   -1  -1  76  1   0   0   0   
210 470 MSJ_LOTE_RES_INI           471 M   0   -1  0   -1  -1  78  1   0   0   0   
211 473 473^MENSAJE                474 S   0   -1  0   -1  -1  79  0   0   0   0   
212 476 476^TIPOREGISTRO           43  F   0   -1  0   -1  -1  40  0   0   0   0   
213 478 478^CODCOMERCIO            43  F   0   -1  0   -1  -1  40  0   0   0   0   
214 480 480^TOTALTRANSACCIONES     43  F   0   -1  0   -1  -1  40  0   0   0   0   
215 482 482^FECHAENVIO             43  F   0   -1  0   -1  -1  40  0   0   0   0   
216 484 484^NROLOTE                43  F   0   -1  0   -1  -1  40  0   0   0   0   
217 486 486^IMPORTETOTAL           43  F   0   -1  0   -1  -1  40  0   0   0   0   
218 488 488^CODADQUIRIENTE         43  F   0   -1  0   -1  -1  40  0   0   0   0   
219 490 490^CODMONEDA              43  F   0   -1  0   -1  -1  40  0   0   0   0   
220 492 492^CODENMASCARADO         43  F   0   -1  0   -1  -1  40  0   0   0   0   
221 494 494^FILLER1                43  F   0   -1  0   -1  -1  40  0   0   0   0   
222 496 496^CODRESULTADO           43  F   0   -1  0   -1  -1  40  0   0   0   0   
223 498 498^FILLER2                43  F   0   -1  0   -1  -1  40  0   0   0   0   
224 500 500^MSJRESPUESTA           43  F   0   -1  0   -1  -1  40  0   0   0   0   
225 502 502^FILLER3                43  F   0   -1  0   -1  -1  40  0   0   0   0   
226 503 MSJ_LOTE_RES_FIN           504 M   0   -1  0   -1  -1  80  1   0   0   0   
227 506 506^MENSAJE                507 S   0   -1  0   -1  -1  81  0   0   0   0   
228 509 509^TIPOREGISTRO           43  F   0   -1  0   -1  -1  40  0   0   0   0   
229 511 511^FECHAPROCESO           43  F   0   -1  0   -1  -1  40  0   0   0   0   
230 513 513^FILLER                 43  F   0   -1  0   -1  -1  40  0   0   0   0   
231 514 MSJ_LOTE_RES_INI           471 S   0   -1  0   -1  -1  78  1   0   0   0   
232 515 MSJ_LOTE_RES_FIN           504 S   0   -1  0   -1  -1  80  1   0   0   0   
233 516 MSJ_LOTE_RES_INI_TIPO1     517 M   0   -1  0   -1  -1  82  1   0   0   0   
234 519 519^MENSAJE                520 S   0   -1  0   -1  -1  83  0   0   0   0   
235 522 522^TIPOREGISTRO           43  F   0   -1  0   -1  -1  40  0   0   0   0   
236 524 524^CODCOMERCIO            43  F   0   -1  0   -1  -1  40  0   0   0   0   
237 526 526^TOTALTRANSACCIONES     43  F   0   -1  0   -1  -1  40  0   0   0   0   
238 528 528^FECHAENVIO             43  F   0   -1  0   -1  -1  40  0   0   0   0   
239 530 530^NROLOTE                43  F   0   -1  0   -1  -1  40  0   0   0   0   
240 532 532^IMPORTETOTAL           43  F   0   -1  0   -1  -1  40  0   0   0   0   
241 534 534^CODADQUIRIENTE         43  F   0   -1  0   -1  -1  40  0   0   0   0   
242 536 536^CODMONEDA              43  F   0   -1  0   -1  -1  40  0   0   0   0   
243 538 538^CODENMASCARADO         43  F   0   -1  0   -1  -1  40  0   0   0   0   
244 540 540^FILLER1                43  F   0   -1  0   -1  -1  40  0   0   0   0   
245 542 542^CODRESULTADO           43  F   0   -1  0   -1  -1  40  0   0   0   0   
246 544 544^FILLER2                43  F   0   -1  0   -1  -1  40  0   0   0   0   
247 546 546^MSJRESPUESTA           43  F   0   -1  0   -1  -1  40  0   0   0   0   
248 548 548^FILLER3                43  F   0   -1  0   -1  -1  40  0   0   0   0   
249 549 MSJ_LOTE_RES_FIN_TIPO1     550 M   0   -1  0   -1  -1  84  1   0   0   0   
250 552 552^MENSAJE                553 S   0   -1  0   -1  -1  85  0   0   0   0   
251 555 555^TIPOREGISTRO           43  F   0   -1  0   -1  -1  40  0   0   0   0   
252 557 557^FECHAPROCESO           43  F   0   -1  0   -1  -1  40  0   0   0   0   
253 559 559^FILLER                 43  F   0   -1  0   -1  -1  40  0   0   0   0   
254 560 MSJ_LOTE_RES_INI_TIPO1     517 S   0   -1  0   -1  -1  82  1   0   0   0   
255 561 MSJ_LOTE_RES_FIN_TIPO1     550 S   0   -1  0   -1  -1  84  1   0   0   0   
256 562 MSJ_LOTE_RES_INI_TIPO2     563 M   0   -1  0   -1  -1  86  1   0   0   0   
257 565 565^MENSAJE                566 S   0   -1  0   -1  -1  87  0   0   0   0   
258 568 568^TIPOREGISTRO           43  F   0   -1  0   -1  -1  40  0   0   0   0   
259 570 570^CODCOMERCIO            43  F   0   -1  0   -1  -1  40  0   0   0   0   
260 572 572^TOTALTRANSACCIONES     43  F   0   -1  0   -1  -1  40  0   0   0   0   
261 574 574^FECHAENVIO             43  F   0   -1  0   -1  -1  40  0   0   0   0   
262 576 576^NROLOTE                43  F   0   -1  0   -1  -1  40  0   0   0   0   
263 578 578^IMPORTETOTAL           43  F   0   -1  0   -1  -1  40  0   0   0   0   
264 580 580^CODADQUIRIENTE         43  F   0   -1  0   -1  -1  40  0   0   0   0   
265 582 582^CODMONEDA              43  F   0   -1  0   -1  -1  40  0   0   0   0   
266 584 584^CODENMASCARADO         43  F   0   -1  0   -1  -1  40  0   0   0   0   
267 586 586^FILLER1                43  F   0   -1  0   -1  -1  40  0   0   0   0   
268 588 588^CODRESULTADO           43  F   0   -1  0   -1  -1  40  0   0   0   0   
269 590 590^FILLER2                43  F   0   -1  0   -1  -1  40  0   0   0   0   
270 592 592^MSJRESPUESTA           43  F   0   -1  0   -1  -1  40  0   0   0   0   
271 594 594^FILLER3                43  F   0   -1  0   -1  -1  40  0   0   0   0   
272 595 MSJ_LOTE_RES_FIN_TIPO2     596 M   0   -1  0   -1  -1  88  1   0   0   0   
273 598 598^MENSAJE                599 S   0   -1  0   -1  -1  89  0   0   0   0   
274 601 601^TIPOREGISTRO           43  F   0   -1  0   -1  -1  40  0   0   0   0   
275 603 603^FECHAPROCESO           43  F   0   -1  0   -1  -1  40  0   0   0   0   
276 605 605^FILLER                 43  F   0   -1  0   -1  -1  40  0   0   0   0   
277 606 MSJ_LOTE_RES_INI_TIPO2     563 S   0   -1  0   -1  -1  86  1   0   0   0   
278 607 MSJ_LOTE_RES_FIN_TIPO2     596 S   0   -1  0   -1  -1  88  1   0   0   0   

Type Member (4)
-----------

401 : Parent Type Identifier
402 : Child Tag Identifier
403 : Child Type Identifier
404 : Child Class
405 : Child Physical Name
406 : Sequence Number
407 : Min Occurs
409 : Child Repeat Indicator
410 : Member Identifier
411 : Max Occurs
412 : Child Tag Index
413 : Child Type Index

    401 402 403 404 405 406 407 409 410 411 412 413 
0   51  53  54  S       1   1   0   52  1   1   47  
1   54  56  43  F       1   1   0   55  1   2   40  
2   54  58  43  F       2   1   0   57  1   3   40  
3   54  60  43  F       3   1   0   59  1   4   40  
4   54  62  43  F       4   1   0   61  1   5   40  
5   54  64  43  F       5   1   0   63  1   6   40  
6   66  68  69  S       1   1   0   67  1   8   49  
7   69  71  43  F       1   1   0   70  1   9   40  
8   69  73  43  F       2   1   0   72  1   10  40  
9   69  75  43  F       3   1   0   74  1   11  40  
10  79  81  82  S       1   1   0   80  1   15  51  
11  82  84  43  F       1   1   0   83  1   16  40  
12  82  86  43  F       2   1   0   85  1   17  40  
13  82  88  43  F       3   1   0   87  1   18  40  
14  82  90  43  F       4   1   0   89  1   19  40  
15  82  92  43  F       5   1   0   91  1   20  40  
16  82  94  43  F       6   1   0   93  1   21  40  
17  82  96  43  F       7   1   0   95  1   22  40  
18  82  98  43  F       8   1   0   97  1   23  40  
19  82  100 43  F       9   1   0   99  1   24  40  
20  82  102 43  F       10  1   0   101 1   25  40  
21  82  104 43  F       11  1   0   103 1   26  40  
22  82  106 43  F       12  1   0   105 1   27  40  
23  82  108 43  F       13  1   0   107 1   28  40  
24  111 113 114 S       1   1   0   112 1   31  53  
25  114 116 43  F       1   1   0   115 1   32  40  
26  114 118 43  F       2   1   0   117 1   33  40  
27  114 120 43  F       3   1   0   119 1   34  40  
28  114 122 43  F       4   1   0   121 1   35  40  
29  114 124 43  F       5   1   0   123 1   36  40  
30  114 126 43  F       6   1   0   125 1   37  40  
31  114 128 43  F       7   1   0   127 1   38  40  
32  114 130 43  F       8   1   0   129 1   39  40  
33  114 132 43  F       9   1   0   131 1   40  40  
34  114 134 43  F       10  1   0   133 1   41  40  
35  136 138 139 S       1   1   0   137 1   43  55  
36  139 141 43  F       1   1   0   140 1   44  40  
37  139 143 43  F       2   1   0   142 1   45  40  
38  139 145 43  F       3   1   0   144 1   46  40  
39  139 147 43  F       4   1   0   146 1   47  40  
40  139 149 43  F       5   1   0   148 1   48  40  
41  139 151 43  F       6   1   0   150 1   49  40  
42  155 157 158 S       1   1   0   156 1   53  57  
43  158 160 43  F       1   1   0   159 1   54  40  
44  158 162 43  F       2   1   0   161 1   55  40  
45  158 164 43  F       3   1   0   163 1   56  40  
46  158 166 43  F       4   1   0   165 1   57  40  
47  158 168 43  F       5   1   0   167 1   58  40  
48  158 170 43  F       6   1   0   169 1   59  40  
49  158 172 43  F       7   1   0   171 1   60  40  
50  158 174 43  F       8   1   0   173 1   61  40  
51  158 176 43  F       9   1   0   175 1   62  40  
52  178 180 181 S       1   1   0   179 1   64  59  
53  181 183 43  F       1   1   0   182 1   65  40  
54  181 185 43  F       2   1   0   184 1   66  40  
55  181 187 43  F       3   1   0   186 1   67  40  
56  181 189 43  F       4   1   0   188 1   68  40  
57  181 191 43  F       5   1   0   190 1   69  40  
58  181 193 43  F       6   1   0   192 1   70  40  
59  181 195 43  F       7   1   0   194 1   71  40  
60  199 201 202 S       1   1   0   200 1   75  61  
61  202 204 43  F       1   1   0   203 1   76  40  
62  202 206 43  F       2   1   0   205 1   77  40  
63  202 208 43  F       3   1   0   207 1   78  40  
64  202 210 43  F       4   1   0   209 1   79  40  
65  202 212 43  F       5   1   0   211 1   80  40  
66  202 214 43  F       6   1   0   213 1   81  40  
67  202 216 43  F       7   1   0   215 1   82  40  
68  202 218 43  F       8   1   0   217 1   83  40  
69  202 220 43  F       9   1   0   219 1   84  40  
70  223 225 226 S       1   1   0   224 1   87  63  
71  226 228 43  F       1   1   0   227 1   88  40  
72  226 230 43  F       2   1   0   229 1   89  40  
73  226 232 43  F       3   1   0   231 1   90  40  
74  226 234 43  F       4   1   0   233 1   91  40  
75  226 236 43  F       5   1   0   235 1   92  40  
76  226 238 43  F       6   1   0   237 1   93  40  
77  226 240 43  F       7   1   0   239 1   94  40  
78  226 242 43  F       8   1   0   241 1   95  40  
79  226 244 43  F       9   1   0   243 1   96  40  
80  246 248 249 S       1   1   0   247 1   98  65  
81  249 251 43  F       1   1   0   250 1   99  40  
82  249 253 43  F       2   1   0   252 1   100 40  
83  249 255 43  F       3   1   0   254 1   101 40  
84  249 257 43  F       4   1   0   256 1   102 40  
85  249 259 43  F       5   1   0   258 1   103 40  
86  249 261 43  F       6   1   0   260 1   104 40  
87  249 263 43  F       7   1   0   262 1   105 40  
88  267 269 270 S       1   1   0   268 1   109 67  
89  270 272 43  F       1   1   0   271 1   110 40  
90  270 274 43  F       2   1   0   273 1   111 40  
91  270 276 43  F       3   1   0   275 1   112 40  
92  270 278 43  F       4   1   0   277 1   113 40  
93  270 280 43  F       5   1   0   279 1   114 40  
94  270 282 43  F       6   1   0   281 1   115 40  
95  270 284 43  F       7   1   0   283 1   116 40  
96  270 286 43  F       8   1   0   285 1   117 40  
97  270 288 43  F       9   1   0   287 1   118 40  
98  290 292 293 S       1   1   0   291 1   120 69  
99  293 295 43  F       1   1   0   294 1   121 40  
100 293 297 43  F       2   1   0   296 1   122 40  
101 293 299 43  F       3   1   0   298 1   123 40  
102 293 301 43  F       4   1   0   300 1   124 40  
103 293 303 43  F       5   1   0   302 1   125 40  
104 293 305 43  F       6   1   0   304 1   126 40  
105 293 307 43  F       7   1   0   306 1   127 40  
106 311 313 314 S       1   1   0   312 1   131 71  
107 314 316 43  F       1   1   0   315 1   132 40  
108 314 318 43  F       2   1   0   317 1   133 40  
109 314 320 43  F       3   1   0   319 1   134 40  
110 314 322 43  F       4   1   0   321 1   135 40  
111 314 324 43  F       5   1   0   323 1   136 40  
112 314 326 43  F       6   1   0   325 1   137 40  
113 314 328 43  F       7   1   0   327 1   138 40  
114 314 330 43  F       8   1   0   329 1   139 40  
115 314 332 43  F       9   1   0   331 1   140 40  
116 314 334 43  F       10  1   0   333 1   141 40  
117 314 336 43  F       11  1   0   335 1   142 40  
118 314 338 43  F       12  1   0   337 1   143 40  
119 314 340 43  F       13  1   0   339 1   144 40  
120 314 342 43  F       14  1   0   341 1   145 40  
121 314 344 43  F       15  1   0   343 1   146 40  
122 314 346 43  F       16  0   0   345 1   147 40  
123 314 348 43  F       17  1   0   347 1   148 40  
124 314 350 43  F       18  1   0   349 1   149 40  
125 314 352 43  F       19  0   0   351 1   150 40  
126 314 354 43  F       20  0   0   353 1   151 40  
127 357 359 360 S       1   1   0   358 1   154 73  
128 360 362 43  F       1   1   0   361 1   155 40  
129 360 364 43  F       2   1   0   363 1   156 40  
130 360 366 43  F       3   1   0   365 1   157 40  
131 360 368 43  F       4   1   0   367 1   158 40  
132 360 370 43  F       5   1   0   369 1   159 40  
133 360 372 43  F       6   1   0   371 1   160 40  
134 360 374 43  F       7   1   0   373 1   161 40  
135 360 376 43  F       8   1   0   375 1   162 40  
136 360 378 43  F       9   1   0   377 1   163 40  
137 360 380 43  F       10  1   0   379 1   164 40  
138 360 382 43  F       11  1   0   381 1   165 40  
139 385 387 388 S       1   1   0   386 1   168 75  
140 388 390 43  F       1   1   0   389 1   169 40  
141 388 392 43  F       2   1   0   391 1   170 40  
142 388 394 43  F       3   1   0   393 1   171 40  
143 388 396 43  F       4   1   0   395 1   172 40  
144 388 398 43  F       5   1   0   397 1   173 40  
145 388 400 43  F       6   1   0   399 1   174 40  
146 388 402 43  F       7   1   0   401 1   175 40  
147 388 404 43  F       8   1   0   403 1   176 40  
148 388 406 43  F       9   1   0   405 1   177 40  
149 388 408 43  F       10  1   0   407 1   178 40  
150 388 410 43  F       11  1   0   409 1   179 40  
151 388 412 43  F       12  1   0   411 1   180 40  
152 388 414 43  F       13  1   0   413 1   181 40  
153 388 416 43  F       14  1   0   415 1   182 40  
154 388 418 43  F       15  1   0   417 1   183 40  
155 388 420 43  F       16  0   0   419 1   184 40  
156 388 422 43  F       17  1   0   421 1   185 40  
157 388 424 43  F       18  1   0   423 1   186 40  
158 427 429 430 S       1   1   0   428 1   189 77  
159 430 432 43  F       1   1   0   431 1   190 40  
160 430 434 43  F       2   1   0   433 1   191 40  
161 430 436 43  F       3   1   0   435 1   192 40  
162 430 438 43  F       4   1   0   437 1   193 40  
163 430 440 43  F       5   1   0   439 1   194 40  
164 430 442 43  F       6   1   0   441 1   195 40  
165 430 444 43  F       7   1   0   443 1   196 40  
166 430 446 43  F       8   1   0   445 1   197 40  
167 430 448 43  F       9   1   0   447 1   198 40  
168 430 450 43  F       10  1   0   449 1   199 40  
169 430 452 43  F       11  1   0   451 1   200 40  
170 430 454 43  F       12  1   0   453 1   201 40  
171 430 456 43  F       13  1   0   455 1   202 40  
172 430 458 43  F       14  1   0   457 1   203 40  
173 430 460 43  F       15  1   0   459 1   204 40  
174 430 462 43  F       16  0   0   461 1   205 40  
175 430 464 43  F       17  1   0   463 1   206 40  
176 430 466 43  F       18  1   0   465 1   207 40  
177 430 468 43  F       19  1   0   467 1   208 40  
178 471 473 474 S       1   1   0   472 1   211 79  
179 474 476 43  F       1   1   0   475 1   212 40  
180 474 478 43  F       2   1   0   477 1   213 40  
181 474 480 43  F       3   1   0   479 1   214 40  
182 474 482 43  F       4   1   0   481 1   215 40  
183 474 484 43  F       5   1   0   483 1   216 40  
184 474 486 43  F       6   1   0   485 1   217 40  
185 474 488 43  F       7   1   0   487 1   218 40  
186 474 490 43  F       8   1   0   489 1   219 40  
187 474 492 43  F       9   1   0   491 1   220 40  
188 474 494 43  F       10  1   0   493 1   221 40  
189 474 496 43  F       11  1   0   495 1   222 40  
190 474 498 43  F       12  1   0   497 1   223 40  
191 474 500 43  F       13  1   0   499 1   224 40  
192 474 502 43  F       14  1   0   501 1   225 40  
193 504 506 507 S       1   1   0   505 1   227 81  
194 507 509 43  F       1   1   0   508 1   228 40  
195 507 511 43  F       2   1   0   510 1   229 40  
196 507 513 43  F       3   1   0   512 1   230 40  
197 517 519 520 S       1   1   0   518 1   234 83  
198 520 522 43  F       1   1   0   521 1   235 40  
199 520 524 43  F       2   1   0   523 1   236 40  
200 520 526 43  F       3   1   0   525 1   237 40  
201 520 528 43  F       4   1   0   527 1   238 40  
202 520 530 43  F       5   1   0   529 1   239 40  
203 520 532 43  F       6   1   0   531 1   240 40  
204 520 534 43  F       7   1   0   533 1   241 40  
205 520 536 43  F       8   1   0   535 1   242 40  
206 520 538 43  F       9   1   0   537 1   243 40  
207 520 540 43  F       10  1   0   539 1   244 40  
208 520 542 43  F       11  1   0   541 1   245 40  
209 520 544 43  F       12  1   0   543 1   246 40  
210 520 546 43  F       13  1   0   545 1   247 40  
211 520 548 43  F       14  1   0   547 1   248 40  
212 550 552 553 S       1   1   0   551 1   250 85  
213 553 555 43  F       1   1   0   554 1   251 40  
214 553 557 43  F       2   1   0   556 1   252 40  
215 553 559 43  F       3   1   0   558 1   253 40  
216 563 565 566 S       1   1   0   564 1   257 87  
217 566 568 43  F       1   1   0   567 1   258 40  
218 566 570 43  F       2   1   0   569 1   259 40  
219 566 572 43  F       3   1   0   571 1   260 40  
220 566 574 43  F       4   1   0   573 1   261 40  
221 566 576 43  F       5   1   0   575 1   262 40  
222 566 578 43  F       6   1   0   577 1   263 40  
223 566 580 43  F       7   1   0   579 1   264 40  
224 566 582 43  F       8   1   0   581 1   265 40  
225 566 584 43  F       9   1   0   583 1   266 40  
226 566 586 43  F       10  1   0   585 1   267 40  
227 566 588 43  F       11  1   0   587 1   268 40  
228 566 590 43  F       12  1   0   589 1   269 40  
229 566 592 43  F       13  1   0   591 1   270 40  
230 566 594 43  F       14  1   0   593 1   271 40  
231 596 598 599 S       1   1   0   597 1   273 89  
232 599 601 43  F       1   1   0   600 1   274 40  
233 599 603 43  F       2   1   0   602 1   275 40  
234 599 605 43  F       3   1   0   604 1   276 40  

Member Id to Type Member index (20)
------------------------------

Row count: 235

2001 : Member Identifier
2002 : Type Member Index

    2001 2002 
0   52   0    
1   55   1    
2   57   2    
3   59   3    
4   61   4    
5   63   5    
6   67   6    
7   70   7    
8   72   8    
9   74   9    
10  80   10   
11  83   11   
12  85   12   
13  87   13   
14  89   14   
15  91   15   
16  93   16   
17  95   17   
18  97   18   
19  99   19   
20  101  20   
21  103  21   
22  105  22   
23  107  23   
24  112  24   
25  115  25   
26  117  26   
27  119  27   
28  121  28   
29  123  29   
30  125  30   
31  127  31   
32  129  32   
33  131  33   
34  133  34   
35  137  35   
36  140  36   
37  142  37   
38  144  38   
39  146  39   
40  148  40   
41  150  41   
42  156  42   
43  159  43   
44  161  44   
45  163  45   
46  165  46   
47  167  47   
48  169  48   
49  171  49   
50  173  50   
51  175  51   
52  179  52   
53  182  53   
54  184  54   
55  186  55   
56  188  56   
57  190  57   
58  192  58   
59  194  59   
60  200  60   
61  203  61   
62  205  62   
63  207  63   
64  209  64   
65  211  65   
66  213  66   
67  215  67   
68  217  68   
69  219  69   
70  224  70   
71  227  71   
72  229  72   
73  231  73   
74  233  74   
75  235  75   
76  237  76   
77  239  77   
78  241  78   
79  243  79   
80  247  80   
81  250  81   
82  252  82   
83  254  83   
84  256  84   
85  258  85   
86  260  86   
87  262  87   
88  268  88   
89  271  89   
90  273  90   
91  275  91   
92  277  92   
93  279  93   
94  281  94   
95  283  95   
96  285  96   
97  287  97   
98  291  98   
99  294  99   
100 296  100  
101 298  101  
102 300  102  
103 302  103  
104 304  104  
105 306  105  
106 312  106  
107 315  107  
108 317  108  
109 319  109  
110 321  110  
111 323  111  
112 325  112  
113 327  113  
114 329  114  
115 331  115  
116 333  116  
117 335  117  
118 337  118  
119 339  119  
120 341  120  
121 343  121  
122 345  122  
123 347  123  
124 349  124  
125 351  125  
126 353  126  
127 358  127  
128 361  128  
129 363  129  
130 365  130  
131 367  131  
132 369  132  
133 371  133  
134 373  134  
135 375  135  
136 377  136  
137 379  137  
138 381  138  
139 386  139  
140 389  140  
141 391  141  
142 393  142  
143 395  143  
144 397  144  
145 399  145  
146 401  146  
147 403  147  
148 405  148  
149 407  149  
150 409  150  
151 411  151  
152 413  152  
153 415  153  
154 417  154  
155 419  155  
156 421  156  
157 423  157  
158 428  158  
159 431  159  
160 433  160  
161 435  161  
162 437  162  
163 439  163  
164 441  164  
165 443  165  
166 445  166  
167 447  167  
168 449  168  
169 451  169  
170 453  170  
171 455  171  
172 457  172  
173 459  173  
174 461  174  
175 463  175  
176 465  176  
177 467  177  
178 472  178  
179 475  179  
180 477  180  
181 479  181  
182 481  182  
183 483  183  
184 485  184  
185 487  185  
186 489  186  
187 491  187  
188 493  188  
189 495  189  
190 497  190  
191 499  191  
192 501  192  
193 505  193  
194 508  194  
195 510  195  
196 512  196  
197 518  197  
198 521  198  
199 523  199  
200 525  200  
201 527  201  
202 529  202  
203 531  203  
204 533  204  
205 535  205  
206 537  206  
207 539  207  
208 541  208  
209 543  209  
210 545  210  
211 547  211  
212 551  212  
213 554  213  
214 556  214  
215 558  215  
216 564  216  
217 567  217  
218 569  218  
219 571  219  
220 573  220  
221 575  221  
222 577  222  
223 579  223  
224 581  224  
225 583  225  
226 585  226  
227 587  227  
228 589  228  
229 591  229  
230 593  230  
231 597  231  
232 600  232  
233 602  233  
234 604  234  

Type (21)
----

Row count: 90

2101 : Type Identifier
2102 : Type Text Identifier
2103 : Type Composition
2104 : Type Content
2105 : Base Type Identifier
2106 : Logical Type
2107 : Type Member Index
2108 : Namespace Index
2109 : Parent Type Index
2110 : Block
2111 : Abstract
2112 : Derivation Style
2113 : Value Set Index
2114 : Item Type Index
2115 : Type Class

   2101 2102                            2103 2104 2105 2106 2107 2108 2109 2110 2111 2112 2113 2114 2115 
0  1    anyType                         6    3    0    0    -1   2    -1   3    0    1    -1   -1   4    
1  2    gDay                            0    0    0    15   -1   2    2    0    0    4    0    -1   1    
2  3    anySimpleType                   0    0    0    2    -1   2    -1   0    0    4    -1   -1   1    
3  4    NMTOKENS                        0    0    0    0    -1   2    -1   0    0    5    2    4    1    
4  5    NMTOKEN                         0    0    0    2    -1   2    16   0    0    4    16   -1   1    
5  7    NCName                          0    0    0    2    -1   2    6    0    0    4    4    -1   1    
6  8    Name                            0    0    0    2    -1   2    16   0    0    4    71   -1   1    
7  9    anyURI                          0    0    0    2    -1   2    2    0    0    4    -1   -1   1    
8  10   gYearMonth                      0    0    0    15   -1   2    2    0    0    4    7    -1   1    
9  11   NOTATION                        0    0    0    2    -1   2    2    0    0    4    -1   -1   1    
10 12   dateTime                        0    0    0    15   -1   2    2    0    0    4    -1   -1   1    
11 13   QName                           0    0    0    2    -1   2    2    0    0    4    -1   -1   1    
12 14   nonPositiveInteger              0    0    0    16   -1   2    13   0    0    4    9    -1   1    
13 15   integer                         0    0    0    16   -1   2    36   0    0    4    56   -1   1    
14 16   unsignedShort                   0    0    0    4    -1   2    15   0    0    4    12   -1   1    
15 17   unsignedInt                     0    0    0    4    -1   2    37   0    0    4    62   -1   1    
16 18   token                           0    0    0    2    -1   2    27   0    0    4    -1   -1   1    
17 19   long                            0    0    0    4    -1   2    13   0    0    4    18   -1   1    
18 20   date                            0    0    0    15   -1   2    2    0    0    4    22   -1   1    
19 21   float                           0    0    0    6    -1   2    2    0    0    4    -1   -1   1    
20 22   nonNegativeInteger              0    0    0    16   -1   2    13   0    0    4    24   -1   1    
21 23   short                           0    0    0    4    -1   2    22   0    0    4    27   -1   1    
22 24   int                             0    0    0    4    -1   2    17   0    0    4    58   -1   1    
23 25   time                            0    0    0    15   -1   2    2    0    0    4    31   -1   1    
24 26   base64Binary                    0    0    0    10   -1   2    2    0    0    4    -1   -1   1    
25 27   gYear                           0    0    0    15   -1   2    2    0    0    4    33   -1   1    
26 28   gMonthDay                       0    0    0    15   -1   2    2    0    0    4    35   -1   1    
27 29   normalizedString                0    0    0    2    -1   2    40   0    0    4    -1   -1   1    
28 30   byte                            0    0    0    4    -1   2    21   0    0    4    37   -1   1    
29 31   hexBinary                       0    0    0    10   -1   2    2    0    0    4    -1   -1   1    
30 32   ID                              0    0    0    2    -1   2    5    0    0    4    41   -1   1    
31 33   boolean                         0    0    0    12   -1   2    2    0    0    4    -1   -1   1    
32 34   gMonth                          0    0    0    15   -1   2    2    0    0    4    44   -1   1    
33 35   ENTITY                          0    0    0    2    -1   2    5    0    0    4    46   -1   1    
34 36   negativeInteger                 0    0    0    16   -1   2    12   0    0    4    49   -1   1    
35 37   unsignedByte                    0    0    0    4    -1   2    14   0    0    4    52   -1   1    
36 38   decimal                         0    0    0    16   -1   2    2    0    0    4    -1   -1   1    
37 39   unsignedLong                    0    0    0    16   -1   2    20   0    0    4    78   -1   1    
38 40   IDREFS                          0    0    0    0    -1   2    -1   0    0    5    66   39   1    
39 41   IDREF                           0    0    0    2    -1   2    5    0    0    4    75   -1   1    
40 43   string                          0    0    0    2    -1   2    2    0    0    4    -1   -1   1    
41 44   double                          0    0    0    6    -1   2    2    0    0    4    -1   -1   1    
42 45   positiveInteger                 0    0    0    16   -1   2    20   0    0    4    68   -1   1    
43 46   ENTITIES                        0    0    0    0    -1   2    -1   0    0    5    73   33   1    
44 48   duration                        0    0    0    14   -1   2    2    0    0    4    -1   -1   1    
45 49   language                        0    0    0    2    -1   2    16   0    0    4    82   -1   1    
46 51   T_CABECERA_INI                  6    1    0    0    0    1    0    0    0    1    -1   -1   4    
47 54   T_CABECERA_INI_CUERPO           6    1    0    0    1    1    0    0    0    1    -1   -1   4    
48 66   T_CABECERA_FIN                  6    1    0    0    6    1    0    0    0    1    -1   -1   4    
49 69   T_CABECERA_FIN_CUERPO           6    1    0    0    7    1    0    0    0    1    -1   -1   4    
50 79   T_CARGO                         6    1    0    0    10   1    0    0    0    1    -1   -1   4    
51 82   T_CARGO_CUERPO                  6    1    0    0    11   1    0    0    0    1    -1   -1   4    
52 111  T_LOTE_INI                      6    1    0    0    24   1    0    0    0    1    -1   -1   4    
53 114  T_LOTE_INI_CUERPO               6    1    0    0    25   1    0    0    0    1    -1   -1   4    
54 136  T_LOTE_FIN                      6    1    0    0    35   1    0    0    0    1    -1   -1   4    
55 139  T_LOTE_FIN_CUERPO               6    1    0    0    36   1    0    0    0    1    -1   -1   4    
56 155  T_CABECERA_RES_INI              6    1    0    0    42   1    0    0    0    1    -1   -1   4    
57 158  T_CABECERA_RES_INI_CUERPO       6    1    0    0    43   1    0    0    0    1    -1   -1   4    
58 178  T_CABECERA_RES_FIN              6    1    0    0    52   1    0    0    0    1    -1   -1   4    
59 181  T_CABECERA_RES_FIN_CUERPO       6    1    0    0    53   1    0    0    0    1    -1   -1   4    
60 199  T_CABECERA_RES_INI_TIPO0        6    1    0    0    60   1    0    0    0    1    -1   -1   4    
61 202  T_CABECERA_RES_INI_CUERPO_TIPO0 6    1    0    0    61   1    0    0    0    1    -1   -1   4    
62 223  T_CABECERA_RES_INI_TIPO1        6    1    0    0    70   1    0    0    0    1    -1   -1   4    
63 226  T_CABECERA_RES_INI_CUERPO_TIPO1 6    1    0    0    71   1    0    0    0    1    -1   -1   4    
64 246  T_CABECERA_RES_FIN_TIPO1        6    1    0    0    80   1    0    0    0    1    -1   -1   4    
65 249  T_CABECERA_RES_FIN_CUERPO_TIPO1 6    1    0    0    81   1    0    0    0    1    -1   -1   4    
66 267  T_CABECERA_RES_INI_TIPO2        6    1    0    0    88   1    0    0    0    1    -1   -1   4    
67 270  T_CABECERA_RES_INI_CUERPO_TIPO2 6    1    0    0    89   1    0    0    0    1    -1   -1   4    
68 290  T_CABECERA_RES_FIN_TIPO2        6    1    0    0    98   1    0    0    0    1    -1   -1   4    
69 293  T_CABECERA_RES_FIN_CUERPO_TIPO2 6    1    0    0    99   1    0    0    0    1    -1   -1   4    
70 311  T_CARGO_RES                     6    1    0    0    106  1    0    0    0    1    -1   -1   4    
71 314  T_CARGO_RES_CUERPO              6    1    0    0    107  1    0    0    0    1    -1   -1   4    
72 357  T_CARGO_RES_TIPO0               6    1    0    0    127  1    0    0    0    1    -1   -1   4    
73 360  T_CARGO_RES_CUERPO_TIPO0        6    1    0    0    128  1    0    0    0    1    -1   -1   4    
74 385  T_CARGO_RES_TIPO1               6    1    0    0    139  1    0    0    0    1    -1   -1   4    
75 388  T_CARGO_RES_CUERPO_TIPO1        6    1    0    0    140  1    0    0    0    1    -1   -1   4    
76 427  T_CARGO_RES_TIPO2               6    1    0    0    158  1    0    0    0    1    -1   -1   4    
77 430  T_CARGO_RES_CUERPO_TIPO2        6    1    0    0    159  1    0    0    0    1    -1   -1   4    
78 471  T_LOTE_RES_INI                  6    1    0    0    178  1    0    0    0    1    -1   -1   4    
79 474  T_LOTE_RES_INI_CUERPO           6    1    0    0    179  1    0    0    0    1    -1   -1   4    
80 504  T_LOTE_RES_FIN                  6    1    0    0    193  1    0    0    0    1    -1   -1   4    
81 507  T_LOTE_RES_FIN_CUERPO           6    1    0    0    194  1    0    0    0    1    -1   -1   4    
82 517  T_LOTE_RES_INI_TIPO1            6    1    0    0    197  1    0    0    0    1    -1   -1   4    
83 520  T_LOTE_RES_INI_CUERPO_TIPO1     6    1    0    0    198  1    0    0    0    1    -1   -1   4    
84 550  T_LOTE_RES_FIN_TIPO1            6    1    0    0    212  1    0    0    0    1    -1   -1   4    
85 553  T_LOTE_RES_FIN_CUERPO_TIPO1     6    1    0    0    213  1    0    0    0    1    -1   -1   4    
86 563  T_LOTE_RES_INI_TIPO2            6    1    0    0    216  1    0    0    0    1    -1   -1   4    
87 566  T_LOTE_RES_INI_CUERPO_TIPO2     6    1    0    0    217  1    0    0    0    1    -1   -1   4    
88 596  T_LOTE_RES_FIN_TIPO2            6    1    0    0    231  1    0    0    0    1    -1   -1   4    
89 599  T_LOTE_RES_FIN_CUERPO_TIPO2     6    1    0    0    232  1    0    0    0    1    -1   -1   4    

Value Set Table (24)
---------------

2000 : Row Count
2401 : Value Index
2402 : Role

   2000 2401 2402 
0  84   12   9    
1       -1   0    
2       10   3    
3       -1   0    
4       1    10   
5       4    10   
6       -1   0    
7       17   9    
8       -1   0    
9       9    8    
10      26   2    
11      -1   0    
12      9    8    
13      21   2    
14      9    1    
15      -1   0    
16      3    10   
17      -1   0    
18      9    8    
19      24   2    
20      5    1    
21      -1   0    
22      18   9    
23      -1   0    
24      9    8    
25      26   1    
26      -1   0    
27      9    8    
28      20   2    
29      7    1    
30      -1   0    
31      11   9    
32      -1   0    
33      16   9    
34      -1   0    
35      14   9    
36      -1   0    
37      9    8    
38      15   2    
39      8    1    
40      -1   0    
41      1    10   
42      4    10   
43      -1   0    
44      13   9    
45      -1   0    
46      1    10   
47      4    10   
48      -1   0    
49      9    8    
50      25   2    
51      -1   0    
52      9    8    
53      19   2    
54      9    1    
55      -1   0    
56      9    8    
57      -1   0    
58      9    8    
59      22   2    
60      6    1    
61      -1   0    
62      9    8    
63      23   2    
64      9    1    
65      -1   0    
66      10   3    
67      -1   0    
68      9    8    
69      27   1    
70      -1   0    
71      4    10   
72      -1   0    
73      10   3    
74      -1   0    
75      1    10   
76      4    10   
77      -1   0    
78      9    8    
79      28   2    
80      26   1    
81      -1   0    
82      2    10   
83      -1   0    

Values (25)
------

2000 : Row Count
2501 : String Value
2502 : Integer Value
2507 : Decimal Value

   2000 2501                              2502                 2507                 
0  29                                     -9223372036854775808 -1                   
1       [\i-[:]][\c-[:]]*                 -2147483648          0                    
2       [a-zA-Z]{1,8}(-[a-zA-Z0-9]{1,8})* -32768               1                    
3       \c+                               -128                 18446744073709551615 
4       \i\c*                             0                                         
5                                         1                                         
6                                         31                                        
7                                         32                                        
8                                         64                                        
9                                         96                                        
10                                        127                                       
11                                        128                                       
12                                        192                                       
13                                        224                                       
14                                        255                                       
15                                        32767                                     
16                                        65535                                     
17                                        2147483647                                
18                                        4294967295                                
19                                        9223372036854775807                       

Namespace (26)
---------

2000 : Row Count
2601 : Namespace URI

  2000 2601                             
0 3                                     
1      gencar.bth.esb.visa.ib           
2      http://www.w3.org/2001/XMLSchema 

Message (27)
-------

Row count: 22

2701 : Tag Identifier
2702 : Message Alias

   2701 2702 
0  50        
1  65        
2  78        
3  110       
4  135       
5  154       
6  177       
7  198       
8  222       
9  245       
10 266       
11 289       
12 310       
13 356       
14 384       
15 426       
16 470       
17 503       
18 516       
19 549       
20 562       
21 595       

CWFWireFormat (CWF)
=============

Message Count: 22

Row Count: 257

Identification (1000)
--------------

100001 : Message Set Identifier
100002 : Message Set Name
100003 : Message Set Level
100004 : Model Version (Major)
100005 : Model Version (Minor)
100006 : Timestamp
100007 : Dictionary Type
100008 : Format Level
100009 : Compatibility Level
100010 : Dependency Table
100022 : Message Set Alias
100020 : Format Name
100021 : Format Identifier

  100001        100002                 100003 100004 100005 100006 100007 100008 100009 100010        100022 100020 100021 
0 KLD8CO0002001 MS_ESB_BATCH_GENCARGOS 1      2      0             4      610    4      KLD8CO0002001        CWF    CWF    

MessageSet (1)
----------

104 : Byte Alignment Pad
105 : Floating Point Format
106 : Default Codepage
107 : Byte Order
108 : Boolean True
109 : Boolean False
112 : Date Time Format
116 : Packed Decimal Byte Order
117 : Default Timezone ID
118 : Century Window
119 : First Week Of Year
120 : First Day Of Week
121 : Boolean Null
122 : Packed Decimal Positive Format
123 : Allow Lenient Datetimes
124 : Output Policy For Missing Elements
125 : Preserve UTC Format
126 : Truncate Fixed Length Strings

  104 105 106 107 108      109      112                      116 117 118 119 120    121      122 123 124 125 126 
0     S   500 B   00000001 00000000 yyyy-MM-dd'T'HH:mm:ssZZZ B       53  4   Monday 00000000    0   0   0   0   

Message (2)
-------

3 : Message Identifier

  3  
0 50 

Row (4)
---

401 : Row Number
402 : Tag Identifier
403 : Physical Type
404 : Logical Type
405 : Repeating Element
406 : Field length
407 : Parent Row
408 : Sign Representation
409 : Virtual Decimal Point
410 : Justification
411 : Padding
412 : Byte Alignment
413 : Format
414 : Leading Skip Bytes
415 : Member Id
417 : Length Units
418 : Type Composition
419 : Default Value Index
420 : Encoding Null
421 : Encoding Null Value
422 : Encoding Null Permitted
423 : Trailing Skip Bytes
424 : Sign EBCDIC Custom
425 : Inclusive Length Reference

  401 402 403 404 405 406 407 408 409 410 411 412 413 414 415 417 418 419 420 421 422 423 424 425 
0 0   50  0   0   0   0   -1  0   0   N       1       0   0   0   6   -1  -1      0   0   0   0   
1 1   53  0   0   1   0   0   0   0   N       1       0   52  0   6   -1  -1      0   0   0   0   
2 2   56  8   2   1   1   1   0   0   L       1       0   55  0   0   -1  1       0   0   0   0   
3 3   58  8   2   1   8   1   0   0   L       1       0   57  0   0   -1  1       0   0   0   0   
4 4   60  8   2   1   1   1   0   0   L       1       0   59  0   0   -1  1       0   0   0   0   
5 5   62  8   2   1   6   1   0   0   R   0   1       0   61  0   0   -1  1       0   0   0   0   
6 6   64  8   2   1   194 1   0   0   L       1       0   63  0   0   0   1       0   0   0   0   


3 : Message Identifier

  3  
0 65 

Row (4)
---

401 : Row Number
402 : Tag Identifier
403 : Physical Type
404 : Logical Type
405 : Repeating Element
406 : Field length
407 : Parent Row
408 : Sign Representation
409 : Virtual Decimal Point
410 : Justification
411 : Padding
412 : Byte Alignment
413 : Format
414 : Leading Skip Bytes
415 : Member Id
417 : Length Units
418 : Type Composition
419 : Default Value Index
420 : Encoding Null
421 : Encoding Null Value
422 : Encoding Null Permitted
423 : Trailing Skip Bytes
424 : Sign EBCDIC Custom
425 : Inclusive Length Reference

  401 402 403 404 405 406 407 408 409 410 411 412 413 414 415 417 418 419 420 421 422 423 424 425 
0 0   65  0   0   0   0   -1  0   0   N       1       0   0   0   6   -1  -1      0   0   0   0   
1 1   68  0   0   1   0   0   0   0   N       1       0   67  0   6   -1  -1      0   0   0   0   
2 2   71  8   2   1   1   1   0   0   L       1       0   70  0   0   -1  1       0   0   0   0   
3 3   73  8   2   1   8   1   0   0   L       1       0   72  0   0   -1  1       0   0   0   0   
4 4   75  8   2   1   201 1   0   0   L       1       0   74  0   0   0   1       0   0   0   0   


3 : Message Identifier

  3  
0 78 

Row (4)
---

401 : Row Number
402 : Tag Identifier
403 : Physical Type
404 : Logical Type
405 : Repeating Element
406 : Field length
407 : Parent Row
408 : Sign Representation
409 : Virtual Decimal Point
410 : Justification
411 : Padding
412 : Byte Alignment
413 : Format
414 : Leading Skip Bytes
415 : Member Id
417 : Length Units
418 : Type Composition
419 : Default Value Index
420 : Encoding Null
421 : Encoding Null Value
422 : Encoding Null Permitted
423 : Trailing Skip Bytes
424 : Sign EBCDIC Custom
425 : Inclusive Length Reference

   401 402 403 404 405 406 407 408 409 410 411 412 413 414 415 417 418 419 420 421 422 423 424 425 
0  0   78  0   0   0   0   -1  0   0   N       1       0   0   0   6   -1  -1      0   0   0   0   
1  1   81  0   0   1   0   0   0   0   N       1       0   80  0   6   -1  -1      0   0   0   0   
2  2   84  8   2   1   1   1   0   0   L       1       0   83  0   0   -1  1       0   0   0   0   
3  3   86  8   2   1   9   1   0   0   L       1       0   85  0   0   -1  1       0   0   0   0   
4  4   88  8   2   1   19  1   0   0   L       1       0   87  0   0   -1  1       0   0   0   0   
5  5   90  8   2   1   12  1   0   0   R   0   1       0   89  0   0   -1  1       0   0   0   0   
6  6   92  8   2   1   24  1   0   0   L       1       0   91  0   0   -1  1       0   0   0   0   
7  7   94  8   2   1   8   1   0   0   L       1       0   93  0   0   -1  1       0   0   0   0   
8  8   96  8   2   1   4   1   0   0   L       1       0   95  0   0   -1  1       0   0   0   0   
9  9   98  8   2   1   2   1   0   0   L       1       0   97  0   0   -1  1       0   0   0   0   
10 10  100 8   2   1   47  1   0   0   L       1       0   99  0   0   -1  1       0   0   0   0   
11 11  102 8   2   1   20  1   0   0   L       1       0   101 0   0   -1  1       1   0   0   0   
12 12  104 8   2   1   10  1   0   0   L       1       0   103 0   0   -1  1       0   0   0   0   
13 13  106 8   2   1   9   1   0   0   L       1       0   105 0   0   -1  1       0   0   0   0   
14 14  108 8   2   1   45  1   0   0   L       1       0   107 0   0   -1  1       0   0   0   0   


3 : Message Identifier

  3   
0 110 

Row (4)
---

401 : Row Number
402 : Tag Identifier
403 : Physical Type
404 : Logical Type
405 : Repeating Element
406 : Field length
407 : Parent Row
408 : Sign Representation
409 : Virtual Decimal Point
410 : Justification
411 : Padding
412 : Byte Alignment
413 : Format
414 : Leading Skip Bytes
415 : Member Id
417 : Length Units
418 : Type Composition
419 : Default Value Index
420 : Encoding Null
421 : Encoding Null Value
422 : Encoding Null Permitted
423 : Trailing Skip Bytes
424 : Sign EBCDIC Custom
425 : Inclusive Length Reference

   401 402 403 404 405 406 407 408 409 410 411 412 413 414 415 417 418 419 420 421 422 423 424 425 
0  0   110 0   0   0   0   -1  0   0   N       1       0   0   0   6   -1  -1      0   0   0   0   
1  1   113 0   0   1   0   0   0   0   N       1       0   112 0   6   -1  -1      0   0   0   0   
2  2   116 8   2   1   1   1   0   0   L       1       0   115 0   0   -1  1       0   0   0   0   
3  3   118 8   2   1   9   1   0   0   L       1       0   117 0   0   -1  1       0   0   0   0   
4  4   120 8   2   1   6   1   0   0   R   0   1       0   119 0   0   -1  1       0   0   0   0   
5  5   122 8   2   1   8   1   0   0   L       1       0   121 0   0   -1  1       0   0   0   0   
6  6   124 8   2   1   9   1   0   0   R   0   1       0   123 0   0   -1  1       0   0   0   0   
7  7   126 8   2   1   14  1   0   0   R   0   1       0   125 0   0   -1  1       0   0   0   0   
8  8   128 8   2   1   4   1   0   0   L       1       0   127 0   0   -1  1       0   0   0   0   
9  9   130 8   2   1   3   1   0   0   L       1       0   129 0   0   -1  1       0   0   0   0   
10 10  132 8   2   1   1   1   0   0   L       1       0   131 0   0   -1  1       0   0   0   0   
11 11  134 8   2   1   155 1   0   0   L       1       0   133 0   0   -1  1       0   0   0   0   


3 : Message Identifier

  3   
0 135 

Row (4)
---

401 : Row Number
402 : Tag Identifier
403 : Physical Type
404 : Logical Type
405 : Repeating Element
406 : Field length
407 : Parent Row
408 : Sign Representation
409 : Virtual Decimal Point
410 : Justification
411 : Padding
412 : Byte Alignment
413 : Format
414 : Leading Skip Bytes
415 : Member Id
417 : Length Units
418 : Type Composition
419 : Default Value Index
420 : Encoding Null
421 : Encoding Null Value
422 : Encoding Null Permitted
423 : Trailing Skip Bytes
424 : Sign EBCDIC Custom
425 : Inclusive Length Reference

  401 402 403 404 405 406 407 408 409 410 411 412 413 414 415 417 418 419 420 421 422 423 424 425 
0 0   135 0   0   0   0   -1  0   0   N       1       0   0   0   6   -1  -1      0   0   0   0   
1 1   138 0   0   1   0   0   0   0   N       1       0   137 0   6   -1  -1      0   0   0   0   
2 2   141 8   2   1   1   1   0   0   L       1       0   140 0   0   -1  1       0   0   0   0   
3 3   143 8   2   1   9   1   0   0   L       1       0   142 0   0   -1  1       0   0   0   0   
4 4   145 8   2   1   6   1   0   0   R   0   1       0   144 0   0   -1  1       0   0   0   0   
5 5   147 8   2   1   8   1   0   0   L       1       0   146 0   0   -1  1       0   0   0   0   
6 6   149 8   2   1   9   1   0   0   R   0   1       0   148 0   0   -1  1       0   0   0   0   
7 7   151 8   2   1   177 1   0   0   L       1       0   150 0   0   -1  1       0   0   0   0   


3 : Message Identifier

  3   
0 154 

Row (4)
---

401 : Row Number
402 : Tag Identifier
403 : Physical Type
404 : Logical Type
405 : Repeating Element
406 : Field length
407 : Parent Row
408 : Sign Representation
409 : Virtual Decimal Point
410 : Justification
411 : Padding
412 : Byte Alignment
413 : Format
414 : Leading Skip Bytes
415 : Member Id
417 : Length Units
418 : Type Composition
419 : Default Value Index
420 : Encoding Null
421 : Encoding Null Value
422 : Encoding Null Permitted
423 : Trailing Skip Bytes
424 : Sign EBCDIC Custom
425 : Inclusive Length Reference

   401 402 403 404 405 406 407 408 409 410 411 412 413 414 415 417 418 419 420 421 422 423 424 425 
0  0   154 0   0   0   0   -1  0   0   N       1       0   0   0   6   -1  -1      0   0   0   0   
1  1   157 0   0   1   0   0   0   0   N       1       0   156 0   6   -1  -1      0   0   0   0   
2  2   160 8   2   1   1   1   0   0   L       1       0   159 0   0   -1  1       0   0   0   0   
3  3   162 8   2   1   8   1   0   0   L       1       0   161 0   0   -1  1       0   0   0   0   
4  4   164 8   2   1   1   1   0   0   L       1       0   163 0   0   -1  1       0   0   0   0   
5  5   166 8   2   1   6   1   0   0   R   0   1       0   165 0   0   -1  1       0   0   0   0   
6  6   168 8   2   1   61  1   0   0   L       1       0   167 0   0   -1  1       0   0   0   0   
7  7   170 8   2   1   2   1   0   0   L       1       0   169 0   0   -1  1       0   0   0   0   
8  8   172 8   2   1   16  1   0   0   L       1       0   171 0   0   -1  1       0   0   0   0   
9  9   174 8   2   1   22  1   0   0   L       1       0   173 0   0   -1  1       0   0   0   0   
10 10  176 8   2   1   93  1   0   0   L       1       0   175 0   0   -1  1       0   0   0   0   


3 : Message Identifier

  3   
0 177 

Row (4)
---

401 : Row Number
402 : Tag Identifier
403 : Physical Type
404 : Logical Type
405 : Repeating Element
406 : Field length
407 : Parent Row
408 : Sign Representation
409 : Virtual Decimal Point
410 : Justification
411 : Padding
412 : Byte Alignment
413 : Format
414 : Leading Skip Bytes
415 : Member Id
417 : Length Units
418 : Type Composition
419 : Default Value Index
420 : Encoding Null
421 : Encoding Null Value
422 : Encoding Null Permitted
423 : Trailing Skip Bytes
424 : Sign EBCDIC Custom
425 : Inclusive Length Reference

  401 402 403 404 405 406 407 408 409 410 411 412 413 414 415 417 418 419 420 421 422 423 424 425 
0 0   177 0   0   0   0   -1  0   0   N       1       0   0   0   6   -1  -1      0   0   0   0   
1 1   180 0   0   1   0   0   0   0   N       1       0   179 0   6   -1  -1      0   0   0   0   
2 2   183 8   2   1   1   1   0   0   L       1       0   182 0   0   -1  1       0   0   0   0   
3 3   185 8   2   1   8   1   0   0   L       1       0   184 0   0   -1  1       0   0   0   0   
4 4   187 8   2   1   68  1   0   0   L       1       0   186 0   0   -1  1       0   0   0   0   
5 5   189 8   2   1   2   1   0   0   L       1       0   188 0   0   -1  1       0   0   0   0   
6 6   191 8   2   1   16  1   0   0   L       1       0   190 0   0   -1  1       0   0   0   0   
7 7   193 8   2   1   22  1   0   0   L       1       0   192 0   0   -1  1       0   0   0   0   
8 8   195 8   2   1   93  1   0   0   L       1       0   194 0   0   -1  1       0   0   0   0   


3 : Message Identifier

  3   
0 198 

Row (4)
---

401 : Row Number
402 : Tag Identifier
403 : Physical Type
404 : Logical Type
405 : Repeating Element
406 : Field length
407 : Parent Row
408 : Sign Representation
409 : Virtual Decimal Point
410 : Justification
411 : Padding
412 : Byte Alignment
413 : Format
414 : Leading Skip Bytes
415 : Member Id
417 : Length Units
418 : Type Composition
419 : Default Value Index
420 : Encoding Null
421 : Encoding Null Value
422 : Encoding Null Permitted
423 : Trailing Skip Bytes
424 : Sign EBCDIC Custom
425 : Inclusive Length Reference

   401 402 403 404 405 406 407 408 409 410 411 412 413 414 415 417 418 419 420 421 422 423 424 425 
0  0   198 0   0   0   0   -1  0   0   N       1       0   0   0   6   -1  -1      0   0   0   0   
1  1   201 0   0   1   0   0   0   0   N       1       0   200 0   6   -1  -1      0   0   0   0   
2  2   204 8   2   1   1   1   0   0   L       1       0   203 0   0   -1  1       0   0   0   0   
3  3   206 8   2   1   8   1   0   0   L       1       0   205 0   0   -1  1       0   0   0   0   
4  4   208 8   2   1   4   1   0   0   L       1       0   207 0   0   -1  1       0   0   0   0   
5  5   210 8   2   1   25  1   0   0   L   0   1       0   209 0   0   -1  1       0   0   0   0   
6  6   212 8   2   1   4   1   0   0   L   0   1       0   211 0   0   -1  1       0   0   0   0   
7  7   214 8   2   1   6   1   0   0   L       1       0   213 0   0   -1  1       0   0   0   0   
8  8   216 8   2   1   15  1   0   0   L       1       0   215 0   0   -1  1       0   0   0   0   
9  9   218 8   2   1   2   1   0   0   L       1       0   217 0   0   -1  1       0   0   0   0   
10 10  220 8   2   1   20  1   0   0   L   0   1       0   219 0   0   -1  1       0   0   0   0   


3 : Message Identifier

  3   
0 222 

Row (4)
---

401 : Row Number
402 : Tag Identifier
403 : Physical Type
404 : Logical Type
405 : Repeating Element
406 : Field length
407 : Parent Row
408 : Sign Representation
409 : Virtual Decimal Point
410 : Justification
411 : Padding
412 : Byte Alignment
413 : Format
414 : Leading Skip Bytes
415 : Member Id
417 : Length Units
418 : Type Composition
419 : Default Value Index
420 : Encoding Null
421 : Encoding Null Value
422 : Encoding Null Permitted
423 : Trailing Skip Bytes
424 : Sign EBCDIC Custom
425 : Inclusive Length Reference

   401 402 403 404 405 406 407 408 409 410 411 412 413 414 415 417 418 419 420 421 422 423 424 425 
0  0   222 0   0   0   0   -1  0   0   N       1       0   0   0   6   -1  -1      0   0   0   0   
1  1   225 0   0   1   0   0   0   0   N       1       0   224 0   6   -1  -1      0   0   0   0   
2  2   228 8   2   1   1   1   0   0   L       1       0   227 0   0   -1  1       0   0   0   0   
3  3   230 8   2   1   8   1   0   0   L       1       0   229 0   0   -1  1       0   0   0   0   
4  4   232 8   2   1   1   1   0   0   L       1       0   231 0   0   -1  1       0   0   0   0   
5  5   234 8   2   1   6   1   0   0   R   0   1       0   233 0   0   -1  1       0   0   0   0   
6  6   236 8   2   1   61  1   0   0   L       1       0   235 0   0   -1  1       0   0   0   0   
7  7   238 8   2   1   2   1   0   0   L       1       0   237 0   0   -1  1       0   0   0   0   
8  8   240 8   2   1   16  1   0   0   L       1       0   239 0   0   -1  1       0   0   0   0   
9  9   242 8   2   1   22  1   0   0   L       1       0   241 0   0   -1  1       0   0   0   0   
10 10  244 8   2   1   48  1   0   0   L       1       0   243 0   0   -1  1       0   0   0   0   


3 : Message Identifier

  3   
0 245 

Row (4)
---

401 : Row Number
402 : Tag Identifier
403 : Physical Type
404 : Logical Type
405 : Repeating Element
406 : Field length
407 : Parent Row
408 : Sign Representation
409 : Virtual Decimal Point
410 : Justification
411 : Padding
412 : Byte Alignment
413 : Format
414 : Leading Skip Bytes
415 : Member Id
417 : Length Units
418 : Type Composition
419 : Default Value Index
420 : Encoding Null
421 : Encoding Null Value
422 : Encoding Null Permitted
423 : Trailing Skip Bytes
424 : Sign EBCDIC Custom
425 : Inclusive Length Reference

  401 402 403 404 405 406 407 408 409 410 411 412 413 414 415 417 418 419 420 421 422 423 424 425 
0 0   245 0   0   0   0   -1  0   0   N       1       0   0   0   6   -1  -1      0   0   0   0   
1 1   248 0   0   1   0   0   0   0   N       1       0   247 0   6   -1  -1      0   0   0   0   
2 2   251 8   2   1   1   1   0   0   L       1       0   250 0   0   -1  1       0   0   0   0   
3 3   253 8   2   1   8   1   0   0   L       1       0   252 0   0   -1  1       0   0   0   0   
4 4   255 8   2   1   68  1   0   0   L       1       0   254 0   0   -1  1       0   0   0   0   
5 5   257 8   2   1   2   1   0   0   L       1       0   256 0   0   -1  1       0   0   0   0   
6 6   259 8   2   1   16  1   0   0   L       1       0   258 0   0   -1  1       0   0   0   0   
7 7   261 8   2   1   22  1   0   0   L       1       0   260 0   0   -1  1       0   0   0   0   
8 8   263 8   2   1   48  1   0   0   L       1       0   262 0   0   -1  1       0   0   0   0   


3 : Message Identifier

  3   
0 266 

Row (4)
---

401 : Row Number
402 : Tag Identifier
403 : Physical Type
404 : Logical Type
405 : Repeating Element
406 : Field length
407 : Parent Row
408 : Sign Representation
409 : Virtual Decimal Point
410 : Justification
411 : Padding
412 : Byte Alignment
413 : Format
414 : Leading Skip Bytes
415 : Member Id
417 : Length Units
418 : Type Composition
419 : Default Value Index
420 : Encoding Null
421 : Encoding Null Value
422 : Encoding Null Permitted
423 : Trailing Skip Bytes
424 : Sign EBCDIC Custom
425 : Inclusive Length Reference

   401 402 403 404 405 406 407 408 409 410 411 412 413 414 415 417 418 419 420 421 422 423 424 425 
0  0   266 0   0   0   0   -1  0   0   N       1       0   0   0   6   -1  -1      0   0   0   0   
1  1   269 0   0   1   0   0   0   0   N       1       0   268 0   6   -1  -1      0   0   0   0   
2  2   272 8   2   1   1   1   0   0   L       1       0   271 0   0   -1  1       0   0   0   0   
3  3   274 8   2   1   8   1   0   0   L       1       0   273 0   0   -1  1       0   0   0   0   
4  4   276 8   2   1   1   1   0   0   L       1       0   275 0   0   -1  1       0   0   0   0   
5  5   278 8   2   1   6   1   0   0   R   0   1       0   277 0   0   -1  1       0   0   0   0   
6  6   280 8   2   1   61  1   0   0   L       1       0   279 0   0   -1  1       0   0   0   0   
7  7   282 8   2   1   2   1   0   0   L       1       0   281 0   0   -1  1       0   0   0   0   
8  8   284 8   2   1   16  1   0   0   L       1       0   283 0   0   -1  1       0   0   0   0   
9  9   286 8   2   1   22  1   0   0   L       1       0   285 0   0   -1  1       0   0   0   0   
10 10  288 8   2   1   83  1   0   0   L       1       0   287 0   0   -1  1       0   0   0   0   


3 : Message Identifier

  3   
0 289 

Row (4)
---

401 : Row Number
402 : Tag Identifier
403 : Physical Type
404 : Logical Type
405 : Repeating Element
406 : Field length
407 : Parent Row
408 : Sign Representation
409 : Virtual Decimal Point
410 : Justification
411 : Padding
412 : Byte Alignment
413 : Format
414 : Leading Skip Bytes
415 : Member Id
417 : Length Units
418 : Type Composition
419 : Default Value Index
420 : Encoding Null
421 : Encoding Null Value
422 : Encoding Null Permitted
423 : Trailing Skip Bytes
424 : Sign EBCDIC Custom
425 : Inclusive Length Reference

  401 402 403 404 405 406 407 408 409 410 411 412 413 414 415 417 418 419 420 421 422 423 424 425 
0 0   289 0   0   0   0   -1  0   0   N       1       0   0   0   6   -1  -1      0   0   0   0   
1 1   292 0   0   1   0   0   0   0   N       1       0   291 0   6   -1  -1      0   0   0   0   
2 2   295 8   2   1   1   1   0   0   L       1       0   294 0   0   -1  1       0   0   0   0   
3 3   297 8   2   1   8   1   0   0   L       1       0   296 0   0   -1  1       0   0   0   0   
4 4   299 8   2   1   68  1   0   0   L       1       0   298 0   0   -1  1       0   0   0   0   
5 5   301 8   2   1   2   1   0   0   L       1       0   300 0   0   -1  1       0   0   0   0   
6 6   303 8   2   1   16  1   0   0   L       1       0   302 0   0   -1  1       0   0   0   0   
7 7   305 8   2   1   22  1   0   0   L       1       0   304 0   0   -1  1       0   0   0   0   
8 8   307 8   2   1   83  1   0   0   L       1       0   306 0   0   -1  1       0   0   0   0   


3 : Message Identifier

  3   
0 310 

Row (4)
---

401 : Row Number
402 : Tag Identifier
403 : Physical Type
404 : Logical Type
405 : Repeating Element
406 : Field length
407 : Parent Row
408 : Sign Representation
409 : Virtual Decimal Point
410 : Justification
411 : Padding
412 : Byte Alignment
413 : Format
414 : Leading Skip Bytes
415 : Member Id
417 : Length Units
418 : Type Composition
419 : Default Value Index
420 : Encoding Null
421 : Encoding Null Value
422 : Encoding Null Permitted
423 : Trailing Skip Bytes
424 : Sign EBCDIC Custom
425 : Inclusive Length Reference

   401 402 403 404 405 406 407 408 409 410 411 412 413 414 415 417 418 419 420 421 422 423 424 425 
0  0   310 0   0   0   0   -1  0   0   N       1       0   0   0   6   -1  -1      0   0   0   0   
1  1   313 0   0   1   0   0   0   0   N       1       0   312 0   6   -1  -1      0   0   0   0   
2  2   316 8   2   1   1   1   0   0   L       1       0   315 0   0   -1  1       0   0   0   0   
3  3   318 8   2   1   9   1   0   0   L       1       0   317 0   0   -1  1       0   0   0   0   
4  4   320 8   2   1   19  1   0   0   L       1       0   319 0   0   -1  1       0   0   0   0   
5  5   322 8   2   1   12  1   0   0   L       1       0   321 0   0   -1  1       0   0   0   0   
6  6   324 8   2   1   24  1   0   0   L       1       0   323 0   0   -1  1       0   0   0   0   
7  7   326 8   2   1   8   1   0   0   L       1       0   325 0   0   -1  1       0   0   0   0   
8  8   328 8   2   1   2   1   0   0   R   0   1       0   327 0   0   -1  1       0   0   0   0   
9  9   330 8   2   1   2   1   0   0   L       1       0   329 0   0   -1  1       0   0   0   0   
10 10  332 8   2   1   2   1   0   0   L       1       0   331 0   0   -1  1       0   0   0   0   
11 11  334 8   2   1   2   1   0   0   L       1       0   333 0   0   -1  1       0   0   0   0   
12 12  336 8   2   1   6   1   0   0   L       1       0   335 0   0   -1  1       0   0   0   0   
13 13  338 8   2   1   6   1   0   0   L       1       0   337 0   0   -1  1       0   0   0   0   
14 14  340 8   2   1   2   1   0   0   L       1       0   339 0   0   -1  1       0   0   0   0   
15 15  342 8   2   1   22  1   0   0   L       1       0   341 0   0   -1  1       0   0   0   0   
16 16  344 8   2   1   9   1   0   0   L       1       0   343 0   0   -1  1       0   0   0   0   
17 17  346 8   2   1   20  1   0   0   L       1       0   345 0   0   -1  1       0   0   0   0   
18 18  348 8   2   1   10  1   0   0   L       1       0   347 0   0   0   1       0   0   0   0   
19 19  350 8   2   1   9   1   0   0   L       1       0   349 0   0   0   1       0   0   0   0   
20 20  352 8   2   1   35  1   0   0   L       1       0   351 0   0   0   1       0   0   0   0   
21 21  354 8   2   1   10  1   0   0   L       1       0   353 0   0   0   1       0   0   0   0   


3 : Message Identifier

  3   
0 356 

Row (4)
---

401 : Row Number
402 : Tag Identifier
403 : Physical Type
404 : Logical Type
405 : Repeating Element
406 : Field length
407 : Parent Row
408 : Sign Representation
409 : Virtual Decimal Point
410 : Justification
411 : Padding
412 : Byte Alignment
413 : Format
414 : Leading Skip Bytes
415 : Member Id
417 : Length Units
418 : Type Composition
419 : Default Value Index
420 : Encoding Null
421 : Encoding Null Value
422 : Encoding Null Permitted
423 : Trailing Skip Bytes
424 : Sign EBCDIC Custom
425 : Inclusive Length Reference

   401 402 403 404 405 406 407 408 409 410 411 412 413 414 415 417 418 419 420 421 422 423 424 425 
0  0   356 0   0   0   0   -1  0   0   N       1       0   0   0   6   -1  -1      0   0   0   0   
1  1   359 0   0   1   0   0   0   0   N       1       0   358 0   6   -1  -1      0   0   0   0   
2  2   362 8   2   1   1   1   0   0   L       1       0   361 0   0   -1  1       0   0   0   0   
3  3   364 8   2   1   7   1   0   0   L       1       0   363 0   0   -1  1       0   0   0   0   
4  4   366 8   2   1   1   1   0   0   L       1       0   365 0   0   -1  1       0   0   0   0   
5  5   368 8   2   1   1   1   0   0   L       1       0   367 0   0   -1  1       0   0   0   0   
6  6   370 8   2   1   25  1   0   0   L       1       0   369 0   0   -1  1       0   0   0   0   
7  7   372 8   2   1   10  1   0   0   L   -   1       0   371 0   0   -1  1       0   0   0   0   
8  8   374 8   2   1   15  1   0   0   R   0   1       0   373 0   0   -1  1       0   0   0   0   
9  9   376 8   2   1   8   1   0   0   L       1       0   375 0   0   -1  1       0   0   0   0   
10 10  378 8   2   1   3   1   0   0   L       1       0   377 0   0   -1  1       0   0   0   0   
11 11  380 8   2   1   2   1   0   0   L       1       0   379 0   0   -1  1       0   0   0   0   
12 12  382 8   2   1   12  1   0   0   L   0   1       0   381 0   0   -1  1       0   0   0   0   


3 : Message Identifier

  3   
0 384 

Row (4)
---

401 : Row Number
402 : Tag Identifier
403 : Physical Type
404 : Logical Type
405 : Repeating Element
406 : Field length
407 : Parent Row
408 : Sign Representation
409 : Virtual Decimal Point
410 : Justification
411 : Padding
412 : Byte Alignment
413 : Format
414 : Leading Skip Bytes
415 : Member Id
417 : Length Units
418 : Type Composition
419 : Default Value Index
420 : Encoding Null
421 : Encoding Null Value
422 : Encoding Null Permitted
423 : Trailing Skip Bytes
424 : Sign EBCDIC Custom
425 : Inclusive Length Reference

   401 402 403 404 405 406 407 408 409 410 411 412 413 414 415 417 418 419 420 421 422 423 424 425 
0  0   384 0   0   0   0   -1  0   0   N       1       0   0   0   6   -1  -1      0   0   0   0   
1  1   387 0   0   1   0   0   0   0   N       1       0   386 0   6   -1  -1      0   0   0   0   
2  2   390 8   2   1   1   1   0   0   L       1       0   389 0   0   -1  1       0   0   0   0   
3  3   392 8   2   1   9   1   0   0   L       1       0   391 0   0   -1  1       0   0   0   0   
4  4   394 8   2   1   19  1   0   0   L       1       0   393 0   0   -1  1       0   0   0   0   
5  5   396 8   2   1   12  1   0   0   L       1       0   395 0   0   -1  1       0   0   0   0   
6  6   398 8   2   1   24  1   0   0   L       1       0   397 0   0   -1  1       0   0   0   0   
7  7   400 8   2   1   8   1   0   0   L       1       0   399 0   0   -1  1       0   0   0   0   
8  8   402 8   2   1   2   1   0   0   R   0   1       0   401 0   0   -1  1       0   0   0   0   
9  9   404 8   2   1   2   1   0   0   L       1       0   403 0   0   -1  1       0   0   0   0   
10 10  406 8   2   1   2   1   0   0   L       1       0   405 0   0   -1  1       0   0   0   0   
11 11  408 8   2   1   2   1   0   0   L       1       0   407 0   0   -1  1       0   0   0   0   
12 12  410 8   2   1   6   1   0   0   L       1       0   409 0   0   -1  1       0   0   0   0   
13 13  412 8   2   1   6   1   0   0   L       1       0   411 0   0   -1  1       0   0   0   0   
14 14  414 8   2   1   2   1   0   0   L       1       0   413 0   0   -1  1       0   0   0   0   
15 15  416 8   2   1   22  1   0   0   L       1       0   415 0   0   -1  1       0   0   0   0   
16 16  418 8   2   1   9   1   0   0   L       1       0   417 0   0   -1  1       0   0   0   0   
17 17  420 8   2   1   20  1   0   0   L       1       0   419 0   0   -1  1       0   0   0   0   
18 18  422 8   2   1   10  1   0   0   L       1       0   421 0   0   -1  1       0   0   0   0   
19 19  424 8   2   1   9   1   0   0   L       1       0   423 0   0   -1  1       0   0   0   0   


3 : Message Identifier

  3   
0 426 

Row (4)
---

401 : Row Number
402 : Tag Identifier
403 : Physical Type
404 : Logical Type
405 : Repeating Element
406 : Field length
407 : Parent Row
408 : Sign Representation
409 : Virtual Decimal Point
410 : Justification
411 : Padding
412 : Byte Alignment
413 : Format
414 : Leading Skip Bytes
415 : Member Id
417 : Length Units
418 : Type Composition
419 : Default Value Index
420 : Encoding Null
421 : Encoding Null Value
422 : Encoding Null Permitted
423 : Trailing Skip Bytes
424 : Sign EBCDIC Custom
425 : Inclusive Length Reference

   401 402 403 404 405 406 407 408 409 410 411 412 413 414 415 417 418 419 420 421 422 423 424 425 
0  0   426 0   0   0   0   -1  0   0   N       1       0   0   0   6   -1  -1      0   0   0   0   
1  1   429 0   0   1   0   0   0   0   N       1       0   428 0   6   -1  -1      0   0   0   0   
2  2   432 8   2   1   1   1   0   0   L       1       0   431 0   0   -1  1       0   0   0   0   
3  3   434 8   2   1   9   1   0   0   L       1       0   433 0   0   -1  1       0   0   0   0   
4  4   436 8   2   1   19  1   0   0   L       1       0   435 0   0   -1  1       0   0   0   0   
5  5   438 8   2   1   12  1   0   0   L       1       0   437 0   0   -1  1       0   0   0   0   
6  6   440 8   2   1   24  1   0   0   L       1       0   439 0   0   -1  1       0   0   0   0   
7  7   442 8   2   1   8   1   0   0   L       1       0   441 0   0   -1  1       0   0   0   0   
8  8   444 8   2   1   2   1   0   0   R   0   1       0   443 0   0   -1  1       0   0   0   0   
9  9   446 8   2   1   2   1   0   0   L       1       0   445 0   0   -1  1       0   0   0   0   
10 10  448 8   2   1   2   1   0   0   L       1       0   447 0   0   -1  1       0   0   0   0   
11 11  450 8   2   1   2   1   0   0   L       1       0   449 0   0   -1  1       0   0   0   0   
12 12  452 8   2   1   6   1   0   0   L       1       0   451 0   0   -1  1       0   0   0   0   
13 13  454 8   2   1   6   1   0   0   L       1       0   453 0   0   -1  1       0   0   0   0   
14 14  456 8   2   1   2   1   0   0   L       1       0   455 0   0   -1  1       0   0   0   0   
15 15  458 8   2   1   22  1   0   0   L       1       0   457 0   0   -1  1       0   0   0   0   
16 16  460 8   2   1   9   1   0   0   L       1       0   459 0   0   -1  1       0   0   0   0   
17 17  462 8   2   1   20  1   0   0   L       1       0   461 0   0   -1  1       0   0   0   0   
18 18  464 8   2   1   10  1   0   0   L       1       0   463 0   0   -1  1       0   0   0   0   
19 19  466 8   2   1   9   1   0   0   L       1       0   465 0   0   -1  1       0   0   0   0   
20 20  468 8   2   1   35  1   0   0   L       1       0   467 0   0   -1  1       0   0   0   0   


3 : Message Identifier

  3   
0 470 

Row (4)
---

401 : Row Number
402 : Tag Identifier
403 : Physical Type
404 : Logical Type
405 : Repeating Element
406 : Field length
407 : Parent Row
408 : Sign Representation
409 : Virtual Decimal Point
410 : Justification
411 : Padding
412 : Byte Alignment
413 : Format
414 : Leading Skip Bytes
415 : Member Id
417 : Length Units
418 : Type Composition
419 : Default Value Index
420 : Encoding Null
421 : Encoding Null Value
422 : Encoding Null Permitted
423 : Trailing Skip Bytes
424 : Sign EBCDIC Custom
425 : Inclusive Length Reference

   401 402 403 404 405 406 407 408 409 410 411 412 413 414 415 417 418 419 420 421 422 423 424 425 
0  0   470 0   0   0   0   -1  0   0   N       1       0   0   0   6   -1  -1      0   0   0   0   
1  1   473 0   0   1   0   0   0   0   N       1       0   472 0   6   -1  -1      0   0   0   0   
2  2   476 8   2   1   1   1   0   0   L       1       0   475 0   0   -1  1       0   0   0   0   
3  3   478 8   2   1   9   1   0   0   L       1       0   477 0   0   -1  1       0   0   0   0   
4  4   480 8   2   1   6   1   0   0   L       1       0   479 0   0   -1  1       0   0   0   0   
5  5   482 8   2   1   8   1   0   0   L       1       0   481 0   0   -1  1       0   0   0   0   
6  6   484 8   2   1   9   1   0   0   L       1       0   483 0   0   -1  1       0   0   0   0   
7  7   486 8   2   1   14  1   0   0   L       1       0   485 0   0   -1  1       0   0   0   0   
8  8   488 8   2   1   4   1   0   0   L       1       0   487 0   0   -1  1       0   0   0   0   
9  9   490 8   2   1   3   1   0   0   L       1       0   489 0   0   -1  1       0   0   0   0   
10 10  492 8   2   1   1   1   0   0   L       1       0   491 0   0   -1  1       0   0   0   0   
11 11  494 8   2   1   22  1   0   0   L       1       0   493 0   0   -1  1       0   0   0   0   
12 12  496 8   2   1   2   1   0   0   L       1       0   495 0   0   -1  1       0   0   0   0   
13 13  498 8   2   1   16  1   0   0   L       1       0   497 0   0   -1  1       0   0   0   0   
14 14  500 8   2   1   22  1   0   0   L       1       0   499 0   0   -1  1       0   0   0   0   
15 15  502 8   2   1   93  1   0   0   L       1       0   501 0   0   -1  1       0   0   0   0   


3 : Message Identifier

  3   
0 503 

Row (4)
---

401 : Row Number
402 : Tag Identifier
403 : Physical Type
404 : Logical Type
405 : Repeating Element
406 : Field length
407 : Parent Row
408 : Sign Representation
409 : Virtual Decimal Point
410 : Justification
411 : Padding
412 : Byte Alignment
413 : Format
414 : Leading Skip Bytes
415 : Member Id
417 : Length Units
418 : Type Composition
419 : Default Value Index
420 : Encoding Null
421 : Encoding Null Value
422 : Encoding Null Permitted
423 : Trailing Skip Bytes
424 : Sign EBCDIC Custom
425 : Inclusive Length Reference

  401 402 403 404 405 406 407 408 409 410 411 412 413 414 415 417 418 419 420 421 422 423 424 425 
0 0   503 0   0   0   0   -1  0   0   N       1       0   0   0   6   -1  -1      0   0   0   0   
1 1   506 0   0   1   0   0   0   0   N       1       0   505 0   6   -1  -1      0   0   0   0   
2 2   509 8   2   1   1   1   0   0   L       1       0   508 0   0   -1  1       0   0   0   0   
3 3   511 8   2   1   8   1   0   0   L       1       0   510 0   0   -1  1       0   0   0   0   
4 4   513 8   2   1   201 1   0   0   L       1       0   512 0   0   -1  1       0   0   0   0   


3 : Message Identifier

  3   
0 516 

Row (4)
---

401 : Row Number
402 : Tag Identifier
403 : Physical Type
404 : Logical Type
405 : Repeating Element
406 : Field length
407 : Parent Row
408 : Sign Representation
409 : Virtual Decimal Point
410 : Justification
411 : Padding
412 : Byte Alignment
413 : Format
414 : Leading Skip Bytes
415 : Member Id
417 : Length Units
418 : Type Composition
419 : Default Value Index
420 : Encoding Null
421 : Encoding Null Value
422 : Encoding Null Permitted
423 : Trailing Skip Bytes
424 : Sign EBCDIC Custom
425 : Inclusive Length Reference

   401 402 403 404 405 406 407 408 409 410 411 412 413 414 415 417 418 419 420 421 422 423 424 425 
0  0   516 0   0   0   0   -1  0   0   N       1       0   0   0   6   -1  -1      0   0   0   0   
1  1   519 0   0   1   0   0   0   0   N       1       0   518 0   6   -1  -1      0   0   0   0   
2  2   522 8   2   1   1   1   0   0   L       1       0   521 0   0   -1  1       0   0   0   0   
3  3   524 8   2   1   9   1   0   0   L       1       0   523 0   0   -1  1       0   0   0   0   
4  4   526 8   2   1   6   1   0   0   L       1       0   525 0   0   -1  1       0   0   0   0   
5  5   528 8   2   1   8   1   0   0   L       1       0   527 0   0   -1  1       0   0   0   0   
6  6   530 8   2   1   9   1   0   0   L       1       0   529 0   0   -1  1       0   0   0   0   
7  7   532 8   2   1   14  1   0   0   L       1       0   531 0   0   -1  1       0   0   0   0   
8  8   534 8   2   1   4   1   0   0   L       1       0   533 0   0   -1  1       0   0   0   0   
9  9   536 8   2   1   3   1   0   0   L       1       0   535 0   0   -1  1       0   0   0   0   
10 10  538 8   2   1   1   1   0   0   L       1       0   537 0   0   -1  1       0   0   0   0   
11 11  540 8   2   1   22  1   0   0   L       1       0   539 0   0   -1  1       0   0   0   0   
12 12  542 8   2   1   2   1   0   0   L       1       0   541 0   0   -1  1       0   0   0   0   
13 13  544 8   2   1   16  1   0   0   L       1       0   543 0   0   -1  1       0   0   0   0   
14 14  546 8   2   1   22  1   0   0   L       1       0   545 0   0   -1  1       0   0   0   0   
15 15  548 8   2   1   48  1   0   0   L       1       0   547 0   0   -1  1       0   0   0   0   


3 : Message Identifier

  3   
0 549 

Row (4)
---

401 : Row Number
402 : Tag Identifier
403 : Physical Type
404 : Logical Type
405 : Repeating Element
406 : Field length
407 : Parent Row
408 : Sign Representation
409 : Virtual Decimal Point
410 : Justification
411 : Padding
412 : Byte Alignment
413 : Format
414 : Leading Skip Bytes
415 : Member Id
417 : Length Units
418 : Type Composition
419 : Default Value Index
420 : Encoding Null
421 : Encoding Null Value
422 : Encoding Null Permitted
423 : Trailing Skip Bytes
424 : Sign EBCDIC Custom
425 : Inclusive Length Reference

  401 402 403 404 405 406 407 408 409 410 411 412 413 414 415 417 418 419 420 421 422 423 424 425 
0 0   549 0   0   0   0   -1  0   0   N       1       0   0   0   6   -1  -1      0   0   0   0   
1 1   552 0   0   1   0   0   0   0   N       1       0   551 0   6   -1  -1      0   0   0   0   
2 2   555 8   2   1   1   1   0   0   L       1       0   554 0   0   -1  1       0   0   0   0   
3 3   557 8   2   1   8   1   0   0   L       1       0   556 0   0   -1  1       0   0   0   0   
4 4   559 8   2   1   156 1   0   0   L       1       0   558 0   0   -1  1       0   0   0   0   


3 : Message Identifier

  3   
0 562 

Row (4)
---

401 : Row Number
402 : Tag Identifier
403 : Physical Type
404 : Logical Type
405 : Repeating Element
406 : Field length
407 : Parent Row
408 : Sign Representation
409 : Virtual Decimal Point
410 : Justification
411 : Padding
412 : Byte Alignment
413 : Format
414 : Leading Skip Bytes
415 : Member Id
417 : Length Units
418 : Type Composition
419 : Default Value Index
420 : Encoding Null
421 : Encoding Null Value
422 : Encoding Null Permitted
423 : Trailing Skip Bytes
424 : Sign EBCDIC Custom
425 : Inclusive Length Reference

   401 402 403 404 405 406 407 408 409 410 411 412 413 414 415 417 418 419 420 421 422 423 424 425 
0  0   562 0   0   0   0   -1  0   0   N       1       0   0   0   6   -1  -1      0   0   0   0   
1  1   565 0   0   1   0   0   0   0   N       1       0   564 0   6   -1  -1      0   0   0   0   
2  2   568 8   2   1   1   1   0   0   L       1       0   567 0   0   -1  1       0   0   0   0   
3  3   570 8   2   1   9   1   0   0   L       1       0   569 0   0   -1  1       0   0   0   0   
4  4   572 8   2   1   6   1   0   0   L       1       0   571 0   0   -1  1       0   0   0   0   
5  5   574 8   2   1   8   1   0   0   L       1       0   573 0   0   -1  1       0   0   0   0   
6  6   576 8   2   1   9   1   0   0   L       1       0   575 0   0   -1  1       0   0   0   0   
7  7   578 8   2   1   14  1   0   0   L       1       0   577 0   0   -1  1       0   0   0   0   
8  8   580 8   2   1   4   1   0   0   L       1       0   579 0   0   -1  1       0   0   0   0   
9  9   582 8   2   1   3   1   0   0   L       1       0   581 0   0   -1  1       0   0   0   0   
10 10  584 8   2   1   1   1   0   0   L       1       0   583 0   0   -1  1       0   0   0   0   
11 11  586 8   2   1   22  1   0   0   L       1       0   585 0   0   -1  1       0   0   0   0   
12 12  588 8   2   1   2   1   0   0   L       1       0   587 0   0   -1  1       0   0   0   0   
13 13  590 8   2   1   16  1   0   0   L       1       0   589 0   0   -1  1       0   0   0   0   
14 14  592 8   2   1   22  1   0   0   L       1       0   591 0   0   -1  1       0   0   0   0   
15 15  594 8   2   1   83  1   0   0   L       1       0   593 0   0   -1  1       0   0   0   0   


3 : Message Identifier

  3   
0 595 

Row (4)
---

401 : Row Number
402 : Tag Identifier
403 : Physical Type
404 : Logical Type
405 : Repeating Element
406 : Field length
407 : Parent Row
408 : Sign Representation
409 : Virtual Decimal Point
410 : Justification
411 : Padding
412 : Byte Alignment
413 : Format
414 : Leading Skip Bytes
415 : Member Id
417 : Length Units
418 : Type Composition
419 : Default Value Index
420 : Encoding Null
421 : Encoding Null Value
422 : Encoding Null Permitted
423 : Trailing Skip Bytes
424 : Sign EBCDIC Custom
425 : Inclusive Length Reference

  401 402 403 404 405 406 407 408 409 410 411 412 413 414 415 417 418 419 420 421 422 423 424 425 
0 0   595 0   0   0   0   -1  0   0   N       1       0   0   0   6   -1  -1      0   0   0   0   
1 1   598 0   0   1   0   0   0   0   N       1       0   597 0   6   -1  -1      0   0   0   0   
2 2   601 8   2   1   1   1   0   0   L       1       0   600 0   0   -1  1       0   0   0   0   
3 3   603 8   2   1   8   1   0   0   L       1       0   602 0   0   -1  1       0   0   0   0   
4 4   605 8   2   1   191 1   0   0   L       1       0   604 0   0   -1  1       0   0   0   0   


Values (25)
------

2000 : Row Count
2501 : String Value

  2000 2501 
0 1         

